  AStarDecode.cpp
D:\astar\PinAstar\PinAstar\DefineClass.h(392,46): warning C4244: '=': 將 'size_t' 轉換為 'double'，由於類型不同，可能導致資料遺失
D:\astar\PinAstar\PinAstar\DefineClass.h(406,1): warning C4267: '正在初始化': 將 'size_t' 轉換為 'int'，資料可能遺失
D:\astar\PinAstar\PinAstar\DefineClass.h(408,1): warning C4267: '正在初始化': 將 'size_t' 轉換為 'int'，資料可能遺失
D:\astar\PinAstar\PinAstar\LDPC_OPER.h(119,134): warning C4244: '=': 將 'double' 轉換為 'int'，由於類型不同，可能導致資料遺失
D:\astar\PinAstar\PinAstar\LDPC_OPER.h(119,10): warning C4056: 在浮點常數算術中溢位
D:\astar\PinAstar\AStarDecode.cpp(92,47): warning C4267: '=': 將 'size_t' 轉換為 '_Ty'，資料可能遺失
          with
          [
              _Ty=char
          ]
D:\astar\PinAstar\AStarDecode.cpp(162,47): warning C4267: '=': 將 'size_t' 轉換為 '_Ty'，資料可能遺失
          with
          [
              _Ty=char
          ]
D:\astar\PinAstar\AStarDecode.cpp(184,24): warning C4267: '=': 將 'size_t' 轉換為 '_Ty'，資料可能遺失
          with
          [
              _Ty=int
          ]
D:\astar\PinAstar\AStarDecode.cpp(187,90): warning C4267: '=': 將 'size_t' 轉換為 '_Ty'，資料可能遺失
          with
          [
              _Ty=int
          ]
D:\astar\PinAstar\AStarDecode.cpp(190,90): warning C4267: '=': 將 'size_t' 轉換為 '_Ty'，資料可能遺失
          with
          [
              _Ty=int
          ]
D:\astar\PinAstar\AStarDecode.cpp(193,24): warning C4267: '=': 將 'size_t' 轉換為 '_Ty'，資料可能遺失
          with
          [
              _Ty=int
          ]
D:\astar\PinAstar\AStarDecode.cpp(246,47): warning C4267: '=': 將 'size_t' 轉換為 '_Ty'，資料可能遺失
          with
          [
              _Ty=char
          ]
D:\astar\PinAstar\AStarDecode.cpp(168,6): warning C4101: 'j': 未參考的區域變數
D:\astar\PinAstar\AStarDecode.cpp(470,43): warning C4267: '=': 將 'size_t' 轉換為 '_Ty'，資料可能遺失
          with
          [
              _Ty=char
          ]
D:\astar\PinAstar\AStarDecode.cpp(935,21): warning C4244: '正在初始化': 將 'double' 轉換為 'size_t'，由於類型不同，可能導致資料遺失
D:\astar\PinAstar\AStarDecode.cpp(936,16): warning C4244: '正在初始化': 將 'double' 轉換為 'size_t'，由於類型不同，可能導致資料遺失
  AStarDecode_CBC.cpp
D:\astar\PinAstar\PinAstar\DefineClass.h(392,46): warning C4244: '=': 將 'size_t' 轉換為 'double'，由於類型不同，可能導致資料遺失
D:\astar\PinAstar\PinAstar\DefineClass.h(406,1): warning C4267: '正在初始化': 將 'size_t' 轉換為 'int'，資料可能遺失
D:\astar\PinAstar\PinAstar\DefineClass.h(408,1): warning C4267: '正在初始化': 將 'size_t' 轉換為 'int'，資料可能遺失
D:\astar\PinAstar\PinAstar\LDPC_OPER.h(119,134): warning C4244: '=': 將 'double' 轉換為 'int'，由於類型不同，可能導致資料遺失
D:\astar\PinAstar\PinAstar\LDPC_OPER.h(119,10): warning C4056: 在浮點常數算術中溢位
D:\astar\PinAstar\AStarDecode_CBC.cpp(57,43): warning C4267: '引數': 將 'size_t' 轉換為 '_Ty'，資料可能遺失
          with
          [
              _Ty=short
          ]
D:\astar\PinAstar\AStarDecode_CBC.cpp(75,44): warning C4267: '引數': 將 'size_t' 轉換為 '_Ty'，資料可能遺失
          with
          [
              _Ty=short
          ]
D:\astar\PinAstar\AStarDecode_CBC.cpp(378,44): warning C4267: '引數': 將 'size_t' 轉換為 '_Ty'，資料可能遺失
          with
          [
              _Ty=short
          ]
D:\astar\PinAstar\AStarDecode_CBC.cpp(402,45): warning C4267: '引數': 將 'size_t' 轉換為 '_Ty'，資料可能遺失
          with
          [
              _Ty=short
          ]
D:\astar\PinAstar\AStarDecode_CBC.cpp(686,36): warning C4244: '=': 將 'double' 轉換為 'size_t'，由於類型不同，可能導致資料遺失
D:\astar\PinAstar\AStarDecode_CBC.cpp(873,50): warning C4267: '引數': 將 'size_t' 轉換為 '_Ty'，資料可能遺失
          with
          [
              _Ty=short
          ]
D:\astar\PinAstar\AStarDecode_CBC.cpp(889,6): warning C4267: '正在初始化': 將 'size_t' 轉換為 'short'，資料可能遺失
D:\astar\PinAstar\AStarDecode_CBC.cpp(896,5): warning C4267: '正在初始化': 將 'size_t' 轉換為 'short'，資料可能遺失
D:\astar\PinAstar\AStarDecode_CBC.cpp(908,6): warning C4267: '正在初始化': 將 'size_t' 轉換為 'short'，資料可能遺失
D:\astar\PinAstar\AStarDecode_CBC.cpp(1144,50): warning C4267: '引數': 將 'size_t' 轉換為 '_Ty'，資料可能遺失
          with
          [
              _Ty=short
          ]
D:\astar\PinAstar\AStarDecode_CBC.cpp(1174,6): warning C4267: '正在初始化': 將 'size_t' 轉換為 'short'，資料可能遺失
D:\astar\PinAstar\AStarDecode_CBC.cpp(1180,5): warning C4267: '正在初始化': 將 'size_t' 轉換為 'short'，資料可能遺失
D:\astar\PinAstar\AStarDecode_CBC.cpp(1202,5): warning C4267: '正在初始化': 將 'size_t' 轉換為 'short'，資料可能遺失
D:\astar\PinAstar\AStarDecode_CBC.cpp(1211,6): warning C4267: '正在初始化': 將 'size_t' 轉換為 'short'，資料可能遺失
D:\astar\PinAstar\AStarDecode_CBC.cpp(1340,53): warning C4244: '=': 將 'double' 轉換為 'size_t'，由於類型不同，可能導致資料遺失
D:\astar\PinAstar\AStarDecode_CBC.cpp(1420,50): warning C4267: '引數': 將 'size_t' 轉換為 '_Ty'，資料可能遺失
          with
          [
              _Ty=short
          ]
D:\astar\PinAstar\AStarDecode_CBC.cpp(1436,6): warning C4267: '正在初始化': 將 'size_t' 轉換為 'short'，資料可能遺失
D:\astar\PinAstar\AStarDecode_CBC.cpp(1442,5): warning C4267: '正在初始化': 將 'size_t' 轉換為 'short'，資料可能遺失
D:\astar\PinAstar\AStarDecode_CBC.cpp(1454,6): warning C4267: '正在初始化': 將 'size_t' 轉換為 'short'，資料可能遺失
D:\astar\PinAstar\AStarDecode_CBC.cpp(1459,5): warning C4267: '正在初始化': 將 'size_t' 轉換為 'short'，資料可能遺失
D:\astar\PinAstar\AStarDecode_CBC.cpp(1487,5): warning C4267: '正在初始化': 將 'size_t' 轉換為 'short'，資料可能遺失
D:\astar\PinAstar\AStarDecode_CBC.cpp(1496,6): warning C4267: '正在初始化': 將 'size_t' 轉換為 'short'，資料可能遺失
D:\astar\PinAstar\AStarDecode_CBC.cpp(1701,53): warning C4244: '=': 將 'double' 轉換為 'size_t'，由於類型不同，可能導致資料遺失
D:\astar\PinAstar\AStarDecode_CBC.cpp(1775,50): warning C4267: '引數': 將 'size_t' 轉換為 '_Ty'，資料可能遺失
          with
          [
              _Ty=short
          ]
D:\astar\PinAstar\AStarDecode_CBC.cpp(1789,6): warning C4267: '正在初始化': 將 'size_t' 轉換為 'short'，資料可能遺失
D:\astar\PinAstar\AStarDecode_CBC.cpp(1795,5): warning C4267: '正在初始化': 將 'size_t' 轉換為 'short'，資料可能遺失
D:\astar\PinAstar\AStarDecode_CBC.cpp(1806,6): warning C4267: '正在初始化': 將 'size_t' 轉換為 'short'，資料可能遺失
D:\astar\PinAstar\AStarDecode_CBC.cpp(1811,5): warning C4267: '正在初始化': 將 'size_t' 轉換為 'short'，資料可能遺失
D:\astar\PinAstar\AStarDecode_CBC.cpp(1827,5): warning C4267: '正在初始化': 將 'size_t' 轉換為 'short'，資料可能遺失
D:\astar\PinAstar\AStarDecode_CBC.cpp(1836,6): warning C4267: '正在初始化': 將 'size_t' 轉換為 'short'，資料可能遺失
D:\astar\PinAstar\AStarDecode_CBC.cpp(1929,53): warning C4244: '=': 將 'double' 轉換為 'size_t'，由於類型不同，可能導致資料遺失
D:\astar\PinAstar\AStarDecode_CBC.cpp(1934,98): warning C4267: '正在初始化': 將 'size_t' 轉換為 'int'，資料可能遺失
D:\astar\PinAstar\AStarDecode_CBC.cpp(2005,98): warning C4267: '正在初始化': 將 'size_t' 轉換為 'int'，資料可能遺失
D:\astar\PinAstar\AStarDecode_CBC.cpp(2022,95): warning C4267: '=': 將 'size_t' 轉換為 'int'，資料可能遺失
D:\astar\PinAstar\AStarDecode_CBC.cpp(2035,96): warning C4267: '=': 將 'size_t' 轉換為 'int'，資料可能遺失
D:\astar\PinAstar\AStarDecode_CBC.cpp(2047,97): warning C4267: '=': 將 'size_t' 轉換為 'int'，資料可能遺失
D:\astar\PinAstar\AStarDecode_CBC.cpp(2087,53): warning C4244: '=': 將 'double' 轉換為 'size_t'，由於類型不同，可能導致資料遺失
D:\astar\PinAstar\AStarDecode_CBC.cpp(2114,105): warning C4267: '=': 將 'size_t' 轉換為 'int'，資料可能遺失
D:\astar\PinAstar\AStarDecode_CBC.cpp(2115,80): warning C4267: '=': 將 'size_t' 轉換為 'int'，資料可能遺失
D:\astar\PinAstar\AStarDecode_CBC.cpp(2141,50): warning C4267: '引數': 將 'size_t' 轉換為 '_Ty'，資料可能遺失
          with
          [
              _Ty=short
          ]
D:\astar\PinAstar\AStarDecode_CBC.cpp(2159,6): warning C4267: '正在初始化': 將 'size_t' 轉換為 'short'，資料可能遺失
D:\astar\PinAstar\AStarDecode_CBC.cpp(2165,5): warning C4267: '正在初始化': 將 'size_t' 轉換為 'short'，資料可能遺失
D:\astar\PinAstar\AStarDecode_CBC.cpp(2177,6): warning C4267: '正在初始化': 將 'size_t' 轉換為 'short'，資料可能遺失
D:\astar\PinAstar\AStarDecode_CBC.cpp(2182,5): warning C4267: '正在初始化': 將 'size_t' 轉換為 'short'，資料可能遺失
D:\astar\PinAstar\AStarDecode_CBC.cpp(2208,5): warning C4267: '正在初始化': 將 'size_t' 轉換為 'short'，資料可能遺失
D:\astar\PinAstar\AStarDecode_CBC.cpp(2217,6): warning C4267: '正在初始化': 將 'size_t' 轉換為 'short'，資料可能遺失
D:\astar\PinAstar\AStarDecode_CBC.cpp(2665,50): warning C4267: '引數': 將 'size_t' 轉換為 '_Ty'，資料可能遺失
          with
          [
              _Ty=short
          ]
D:\astar\PinAstar\AStarDecode_CBC.cpp(2801,53): warning C4244: '=': 將 'double' 轉換為 'size_t'，由於類型不同，可能導致資料遺失
D:\astar\PinAstar\AStarDecode_CBC.cpp(2955,50): warning C4267: '引數': 將 'size_t' 轉換為 '_Ty'，資料可能遺失
          with
          [
              _Ty=short
          ]
D:\astar\PinAstar\AStarDecode_CBC.cpp(3121,53): warning C4244: '=': 將 'double' 轉換為 'size_t'，由於類型不同，可能導致資料遺失
D:\astar\PinAstar\AStarDecode_CBC.cpp(3186,50): warning C4267: '引數': 將 'size_t' 轉換為 '_Ty'，資料可能遺失
          with
          [
              _Ty=short
          ]
D:\astar\PinAstar\AStarDecode_CBC.cpp(3311,53): warning C4244: '=': 將 'double' 轉換為 'size_t'，由於類型不同，可能導致資料遺失
D:\astar\PinAstar\AStarDecode_CBC.cpp(3373,23): warning C4244: '正在初始化': 將 'double' 轉換為 'int'，由於類型不同，可能導致資料遺失
D:\astar\PinAstar\AStarDecode_CBC.cpp(3467,50): warning C4267: '引數': 將 'size_t' 轉換為 '_Ty'，資料可能遺失
          with
          [
              _Ty=short
          ]
D:\astar\PinAstar\AStarDecode_CBC.cpp(3497,77): warning C4267: '=': 將 'size_t' 轉換為 '_Ty'，資料可能遺失
          with
          [
              _Ty=char
          ]
D:\astar\PinAstar\AStarDecode_CBC.cpp(3498,77): warning C4267: '=': 將 'size_t' 轉換為 '_Ty'，資料可能遺失
          with
          [
              _Ty=char
          ]
D:\astar\PinAstar\AStarDecode_CBC.cpp(3571,77): warning C4267: '=': 將 'size_t' 轉換為 '_Ty'，資料可能遺失
          with
          [
              _Ty=char
          ]
D:\astar\PinAstar\AStarDecode_CBC.cpp(3572,77): warning C4267: '=': 將 'size_t' 轉換為 '_Ty'，資料可能遺失
          with
          [
              _Ty=char
          ]
D:\astar\PinAstar\AStarDecode_CBC.cpp(3593,87): warning C4267: '=': 將 'size_t' 轉換為 '_Ty'，資料可能遺失
          with
          [
              _Ty=char
          ]
D:\astar\PinAstar\AStarDecode_CBC.cpp(3594,87): warning C4267: '=': 將 'size_t' 轉換為 '_Ty'，資料可能遺失
          with
          [
              _Ty=char
          ]
D:\astar\PinAstar\AStarDecode_CBC.cpp(3654,53): warning C4244: '=': 將 'double' 轉換為 'size_t'，由於類型不同，可能導致資料遺失
D:\astar\PinAstar\AStarDecode_CBC.cpp(3696,50): warning C4267: '引數': 將 'size_t' 轉換為 '_Ty'，資料可能遺失
          with
          [
              _Ty=short
          ]
D:\astar\PinAstar\AStarDecode_CBC.cpp(3898,51): warning C4267: '引數': 將 'size_t' 轉換為 '_Ty'，資料可能遺失
          with
          [
              _Ty=short
          ]
D:\astar\PinAstar\AStarDecode_CBC.cpp(3957,53): warning C4244: '=': 將 'double' 轉換為 'size_t'，由於類型不同，可能導致資料遺失
D:\astar\PinAstar\AStarDecode_CBC.cpp(4038,51): warning C4267: '引數': 將 'size_t' 轉換為 '_Ty'，資料可能遺失
          with
          [
              _Ty=short
          ]
D:\astar\PinAstar\AStarDecode_CBC.cpp(4111,53): warning C4244: '=': 將 'double' 轉換為 'size_t'，由於類型不同，可能導致資料遺失
D:\astar\PinAstar\AStarDecode_CBC.cpp(4173,51): warning C4267: '引數': 將 'size_t' 轉換為 '_Ty'，資料可能遺失
          with
          [
              _Ty=short
          ]
D:\astar\PinAstar\AStarDecode_CBC.cpp(4286,51): warning C4267: '引數': 將 'size_t' 轉換為 '_Ty'，資料可能遺失
          with
          [
              _Ty=short
          ]
D:\astar\PinAstar\AStarDecode_CBC.cpp(4430,50): warning C4267: '引數': 將 'size_t' 轉換為 '_Ty'，資料可能遺失
          with
          [
              _Ty=short
          ]
D:\astar\PinAstar\AStarDecode_CBC.cpp(4446,6): warning C4267: '正在初始化': 將 'size_t' 轉換為 'short'，資料可能遺失
D:\astar\PinAstar\AStarDecode_CBC.cpp(4452,5): warning C4267: '正在初始化': 將 'size_t' 轉換為 'short'，資料可能遺失
D:\astar\PinAstar\AStarDecode_CBC.cpp(4464,6): warning C4267: '正在初始化': 將 'size_t' 轉換為 'short'，資料可能遺失
D:\astar\PinAstar\AStarDecode_CBC.cpp(4469,5): warning C4267: '正在初始化': 將 'size_t' 轉換為 'short'，資料可能遺失
D:\astar\PinAstar\AStarDecode_CBC.cpp(4493,5): warning C4267: '正在初始化': 將 'size_t' 轉換為 'short'，資料可能遺失
D:\astar\PinAstar\AStarDecode_CBC.cpp(4502,6): warning C4267: '正在初始化': 將 'size_t' 轉換為 'short'，資料可能遺失
D:\astar\PinAstar\AStarDecode_CBC.cpp(4683,53): warning C4244: '=': 將 'double' 轉換為 'size_t'，由於類型不同，可能導致資料遺失
D:\astar\PinAstar\AStarDecode_CBC.cpp(4388,7): warning C4101: 'Update_Flag': 未參考的區域變數
D:\astar\PinAstar\AStarDecode_CBC.cpp(4737,50): warning C4267: '引數': 將 'size_t' 轉換為 '_Ty'，資料可能遺失
          with
          [
              _Ty=short
          ]
D:\astar\PinAstar\AStarDecode_CBC.cpp(4752,6): warning C4267: '正在初始化': 將 'size_t' 轉換為 'short'，資料可能遺失
D:\astar\PinAstar\AStarDecode_CBC.cpp(4758,5): warning C4267: '正在初始化': 將 'size_t' 轉換為 'short'，資料可能遺失
D:\astar\PinAstar\AStarDecode_CBC.cpp(4770,6): warning C4267: '正在初始化': 將 'size_t' 轉換為 'short'，資料可能遺失
D:\astar\PinAstar\AStarDecode_CBC.cpp(4775,5): warning C4267: '正在初始化': 將 'size_t' 轉換為 'short'，資料可能遺失
D:\astar\PinAstar\AStarDecode_CBC.cpp(4798,5): warning C4267: '正在初始化': 將 'size_t' 轉換為 'short'，資料可能遺失
D:\astar\PinAstar\AStarDecode_CBC.cpp(4813,6): warning C4267: '正在初始化': 將 'size_t' 轉換為 'short'，資料可能遺失
D:\astar\PinAstar\AStarDecode_CBC.cpp(5048,6): warning C4267: '正在初始化': 將 'size_t' 轉換為 'short'，資料可能遺失
D:\astar\PinAstar\AStarDecode_CBC.cpp(5191,53): warning C4244: '=': 將 'double' 轉換為 'size_t'，由於類型不同，可能導致資料遺失
D:\astar\PinAstar\AStarDecode_CBC.cpp(5301,63): warning C4267: '引數': 將 'size_t' 轉換為 '_Ty'，資料可能遺失
          with
          [
              _Ty=short
          ]
D:\astar\PinAstar\AStarDecode_CBC.cpp(5317,7): warning C4267: '正在初始化': 將 'size_t' 轉換為 'short'，資料可能遺失
D:\astar\PinAstar\AStarDecode_CBC.cpp(5323,6): warning C4267: '正在初始化': 將 'size_t' 轉換為 'short'，資料可能遺失
D:\astar\PinAstar\AStarDecode_CBC.cpp(5335,7): warning C4267: '正在初始化': 將 'size_t' 轉換為 'short'，資料可能遺失
D:\astar\PinAstar\AStarDecode_CBC.cpp(5340,6): warning C4267: '正在初始化': 將 'size_t' 轉換為 'short'，資料可能遺失
D:\astar\PinAstar\AStarDecode_CBC.cpp(5366,6): warning C4267: '正在初始化': 將 'size_t' 轉換為 'short'，資料可能遺失
D:\astar\PinAstar\AStarDecode_CBC.cpp(5386,7): warning C4267: '正在初始化': 將 'size_t' 轉換為 'short'，資料可能遺失
D:\astar\PinAstar\AStarDecode_CBC.cpp(5505,63): warning C4267: '引數': 將 'size_t' 轉換為 '_Ty'，資料可能遺失
          with
          [
              _Ty=short
          ]
D:\astar\PinAstar\AStarDecode_CBC.cpp(5521,7): warning C4267: '正在初始化': 將 'size_t' 轉換為 'short'，資料可能遺失
D:\astar\PinAstar\AStarDecode_CBC.cpp(5527,6): warning C4267: '正在初始化': 將 'size_t' 轉換為 'short'，資料可能遺失
D:\astar\PinAstar\AStarDecode_CBC.cpp(5539,7): warning C4267: '正在初始化': 將 'size_t' 轉換為 'short'，資料可能遺失
D:\astar\PinAstar\AStarDecode_CBC.cpp(5544,6): warning C4267: '正在初始化': 將 'size_t' 轉換為 'short'，資料可能遺失
D:\astar\PinAstar\AStarDecode_CBC.cpp(5567,6): warning C4267: '正在初始化': 將 'size_t' 轉換為 'short'，資料可能遺失
D:\astar\PinAstar\AStarDecode_CBC.cpp(5575,7): warning C4267: '正在初始化': 將 'size_t' 轉換為 'short'，資料可能遺失
D:\astar\PinAstar\AStarDecode_CBC.cpp(5686,5): warning C4267: '正在初始化': 將 'size_t' 轉換為 'short'，資料可能遺失
D:\astar\PinAstar\AStarDecode_CBC.cpp(5829,53): warning C4244: '=': 將 'double' 轉換為 'size_t'，由於類型不同，可能導致資料遺失
D:\astar\PinAstar\AStarDecode_CBC.cpp(5938,62): warning C4267: '引數': 將 'size_t' 轉換為 '_Ty'，資料可能遺失
          with
          [
              _Ty=short
          ]
D:\astar\PinAstar\AStarDecode_CBC.cpp(5953,6): warning C4267: '正在初始化': 將 'size_t' 轉換為 'short'，資料可能遺失
D:\astar\PinAstar\AStarDecode_CBC.cpp(5959,5): warning C4267: '正在初始化': 將 'size_t' 轉換為 'short'，資料可能遺失
D:\astar\PinAstar\AStarDecode_CBC.cpp(5971,6): warning C4267: '正在初始化': 將 'size_t' 轉換為 'short'，資料可能遺失
D:\astar\PinAstar\AStarDecode_CBC.cpp(5976,5): warning C4267: '正在初始化': 將 'size_t' 轉換為 'short'，資料可能遺失
D:\astar\PinAstar\AStarDecode_CBC.cpp(5999,5): warning C4267: '正在初始化': 將 'size_t' 轉換為 'short'，資料可能遺失
D:\astar\PinAstar\AStarDecode_CBC.cpp(6020,6): warning C4267: '正在初始化': 將 'size_t' 轉換為 'short'，資料可能遺失
D:\astar\PinAstar\AStarDecode_CBC.cpp(6136,63): warning C4267: '引數': 將 'size_t' 轉換為 '_Ty'，資料可能遺失
          with
          [
              _Ty=short
          ]
D:\astar\PinAstar\AStarDecode_CBC.cpp(6151,7): warning C4267: '正在初始化': 將 'size_t' 轉換為 'short'，資料可能遺失
D:\astar\PinAstar\AStarDecode_CBC.cpp(6157,6): warning C4267: '正在初始化': 將 'size_t' 轉換為 'short'，資料可能遺失
D:\astar\PinAstar\AStarDecode_CBC.cpp(6169,7): warning C4267: '正在初始化': 將 'size_t' 轉換為 'short'，資料可能遺失
D:\astar\PinAstar\AStarDecode_CBC.cpp(6174,6): warning C4267: '正在初始化': 將 'size_t' 轉換為 'short'，資料可能遺失
D:\astar\PinAstar\AStarDecode_CBC.cpp(6197,6): warning C4267: '正在初始化': 將 'size_t' 轉換為 'short'，資料可能遺失
D:\astar\PinAstar\AStarDecode_CBC.cpp(6205,7): warning C4267: '正在初始化': 將 'size_t' 轉換為 'short'，資料可能遺失
D:\astar\PinAstar\AStarDecode_CBC.cpp(6312,6): warning C4267: '正在初始化': 將 'size_t' 轉換為 'short'，資料可能遺失
D:\astar\PinAstar\AStarDecode_CBC.cpp(6455,53): warning C4244: '=': 將 'double' 轉換為 'size_t'，由於類型不同，可能導致資料遺失
D:\astar\PinAstar\AStarDecode_CBC.cpp(6534,98): warning C4267: '正在初始化': 將 'size_t' 轉換為 'int'，資料可能遺失
D:\astar\PinAstar\AStarDecode_CBC.cpp(6561,62): warning C4267: '引數': 將 'size_t' 轉換為 '_Ty'，資料可能遺失
          with
          [
              _Ty=short
          ]
D:\astar\PinAstar\AStarDecode_CBC.cpp(6576,6): warning C4267: '正在初始化': 將 'size_t' 轉換為 'short'，資料可能遺失
D:\astar\PinAstar\AStarDecode_CBC.cpp(6582,5): warning C4267: '正在初始化': 將 'size_t' 轉換為 'short'，資料可能遺失
D:\astar\PinAstar\AStarDecode_CBC.cpp(6594,6): warning C4267: '正在初始化': 將 'size_t' 轉換為 'short'，資料可能遺失
D:\astar\PinAstar\AStarDecode_CBC.cpp(6599,5): warning C4267: '正在初始化': 將 'size_t' 轉換為 'short'，資料可能遺失
D:\astar\PinAstar\AStarDecode_CBC.cpp(6643,5): warning C4267: '正在初始化': 將 'size_t' 轉換為 'short'，資料可能遺失
D:\astar\PinAstar\AStarDecode_CBC.cpp(6649,6): warning C4267: '正在初始化': 將 'size_t' 轉換為 'short'，資料可能遺失
D:\astar\PinAstar\AStarDecode_CBC.cpp(6767,24): warning C4553: '==': 未使用運算式結果; 您是否想要 '='?
D:\astar\PinAstar\AStarDecode_CBC.cpp(6779,5): warning C4267: '正在初始化': 將 'size_t' 轉換為 'short'，資料可能遺失
D:\astar\PinAstar\AStarDecode_CBC.cpp(6788,6): warning C4267: '正在初始化': 將 'size_t' 轉換為 'short'，資料可能遺失
D:\astar\PinAstar\AStarDecode_CBC.cpp(6851,64): warning C4267: '引數': 將 'size_t' 轉換為 '_Ty'，資料可能遺失
          with
          [
              _Ty=short
          ]
D:\astar\PinAstar\AStarDecode_CBC.cpp(6866,8): warning C4267: '正在初始化': 將 'size_t' 轉換為 'short'，資料可能遺失
D:\astar\PinAstar\AStarDecode_CBC.cpp(6872,7): warning C4267: '正在初始化': 將 'size_t' 轉換為 'short'，資料可能遺失
D:\astar\PinAstar\AStarDecode_CBC.cpp(6884,8): warning C4267: '正在初始化': 將 'size_t' 轉換為 'short'，資料可能遺失
D:\astar\PinAstar\AStarDecode_CBC.cpp(6889,7): warning C4267: '正在初始化': 將 'size_t' 轉換為 'short'，資料可能遺失
D:\astar\PinAstar\AStarDecode_CBC.cpp(6926,7): warning C4267: '正在初始化': 將 'size_t' 轉換為 'short'，資料可能遺失
D:\astar\PinAstar\AStarDecode_CBC.cpp(6933,8): warning C4267: '正在初始化': 將 'size_t' 轉換為 'short'，資料可能遺失
D:\astar\PinAstar\AStarDecode_CBC.cpp(7027,96): warning C4267: '=': 將 'size_t' 轉換為 'int'，資料可能遺失
D:\astar\PinAstar\AStarDecode_CBC.cpp(7040,107): warning C4267: '=': 將 'size_t' 轉換為 'int'，資料可能遺失
D:\astar\PinAstar\AStarDecode_CBC.cpp(7041,82): warning C4267: '=': 將 'size_t' 轉換為 'int'，資料可能遺失
D:\astar\PinAstar\AStarDecode_CBC.cpp(7067,64): warning C4267: '引數': 將 'size_t' 轉換為 '_Ty'，資料可能遺失
          with
          [
              _Ty=short
          ]
D:\astar\PinAstar\AStarDecode_CBC.cpp(7085,8): warning C4267: '正在初始化': 將 'size_t' 轉換為 'short'，資料可能遺失
D:\astar\PinAstar\AStarDecode_CBC.cpp(7091,7): warning C4267: '正在初始化': 將 'size_t' 轉換為 'short'，資料可能遺失
D:\astar\PinAstar\AStarDecode_CBC.cpp(7103,8): warning C4267: '正在初始化': 將 'size_t' 轉換為 'short'，資料可能遺失
D:\astar\PinAstar\AStarDecode_CBC.cpp(7108,7): warning C4267: '正在初始化': 將 'size_t' 轉換為 'short'，資料可能遺失
D:\astar\PinAstar\AStarDecode_CBC.cpp(7136,7): warning C4267: '正在初始化': 將 'size_t' 轉換為 'short'，資料可能遺失
D:\astar\PinAstar\AStarDecode_CBC.cpp(7145,8): warning C4267: '正在初始化': 將 'size_t' 轉換為 'short'，資料可能遺失
D:\astar\PinAstar\AStarDecode_CBC.cpp(7252,65): warning C4267: '引數': 將 'size_t' 轉換為 '_Ty'，資料可能遺失
          with
          [
              _Ty=short
          ]
D:\astar\PinAstar\AStarDecode_CBC.cpp(7270,9): warning C4267: '正在初始化': 將 'size_t' 轉換為 'short'，資料可能遺失
D:\astar\PinAstar\AStarDecode_CBC.cpp(7276,8): warning C4267: '正在初始化': 將 'size_t' 轉換為 'short'，資料可能遺失
D:\astar\PinAstar\AStarDecode_CBC.cpp(7288,9): warning C4267: '正在初始化': 將 'size_t' 轉換為 'short'，資料可能遺失
D:\astar\PinAstar\AStarDecode_CBC.cpp(7293,8): warning C4267: '正在初始化': 將 'size_t' 轉換為 'short'，資料可能遺失
D:\astar\PinAstar\AStarDecode_CBC.cpp(7310,8): warning C4267: '正在初始化': 將 'size_t' 轉換為 'short'，資料可能遺失
D:\astar\PinAstar\AStarDecode_CBC.cpp(7318,9): warning C4267: '正在初始化': 將 'size_t' 轉換為 'short'，資料可能遺失
D:\astar\PinAstar\AStarDecode_CBC.cpp(7424,53): warning C4244: '=': 將 'double' 轉換為 'size_t'，由於類型不同，可能導致資料遺失
D:\astar\PinAstar\AStarDecode_CBC.cpp(7502,98): warning C4267: '正在初始化': 將 'size_t' 轉換為 'int'，資料可能遺失
D:\astar\PinAstar\AStarDecode_CBC.cpp(7532,5): warning C4267: '正在初始化': 將 'size_t' 轉換為 'short'，資料可能遺失
D:\astar\PinAstar\AStarDecode_CBC.cpp(7541,6): warning C4267: '正在初始化': 將 'size_t' 轉換為 'short'，資料可能遺失
D:\astar\PinAstar\AStarDecode_CBC.cpp(7604,64): warning C4267: '引數': 將 'size_t' 轉換為 '_Ty'，資料可能遺失
          with
          [
              _Ty=short
          ]
D:\astar\PinAstar\AStarDecode_CBC.cpp(7620,8): warning C4267: '正在初始化': 將 'size_t' 轉換為 'short'，資料可能遺失
D:\astar\PinAstar\AStarDecode_CBC.cpp(7626,7): warning C4267: '正在初始化': 將 'size_t' 轉換為 'short'，資料可能遺失
D:\astar\PinAstar\AStarDecode_CBC.cpp(7638,8): warning C4267: '正在初始化': 將 'size_t' 轉換為 'short'，資料可能遺失
D:\astar\PinAstar\AStarDecode_CBC.cpp(7643,7): warning C4267: '正在初始化': 將 'size_t' 轉換為 'short'，資料可能遺失
D:\astar\PinAstar\AStarDecode_CBC.cpp(7687,7): warning C4267: '正在初始化': 將 'size_t' 轉換為 'short'，資料可能遺失
D:\astar\PinAstar\AStarDecode_CBC.cpp(7696,8): warning C4267: '正在初始化': 將 'size_t' 轉換為 'short'，資料可能遺失
D:\astar\PinAstar\AStarDecode_CBC.cpp(7767,8): warning C4267: '正在初始化': 將 'size_t' 轉換為 'short'，資料可能遺失
D:\astar\PinAstar\AStarDecode_CBC.cpp(7776,9): warning C4267: '正在初始化': 將 'size_t' 轉換為 'short'，資料可能遺失
D:\astar\PinAstar\AStarDecode_CBC.cpp(7897,24): warning C4553: '==': 未使用運算式結果; 您是否想要 '='?
D:\astar\PinAstar\AStarDecode_CBC.cpp(7910,5): warning C4267: '正在初始化': 將 'size_t' 轉換為 'short'，資料可能遺失
D:\astar\PinAstar\AStarDecode_CBC.cpp(7919,6): warning C4267: '正在初始化': 將 'size_t' 轉換為 'short'，資料可能遺失
D:\astar\PinAstar\AStarDecode_CBC.cpp(7983,64): warning C4267: '引數': 將 'size_t' 轉換為 '_Ty'，資料可能遺失
          with
          [
              _Ty=short
          ]
D:\astar\PinAstar\AStarDecode_CBC.cpp(7999,8): warning C4267: '正在初始化': 將 'size_t' 轉換為 'short'，資料可能遺失
D:\astar\PinAstar\AStarDecode_CBC.cpp(8005,7): warning C4267: '正在初始化': 將 'size_t' 轉換為 'short'，資料可能遺失
D:\astar\PinAstar\AStarDecode_CBC.cpp(8017,8): warning C4267: '正在初始化': 將 'size_t' 轉換為 'short'，資料可能遺失
D:\astar\PinAstar\AStarDecode_CBC.cpp(8022,7): warning C4267: '正在初始化': 將 'size_t' 轉換為 'short'，資料可能遺失
D:\astar\PinAstar\AStarDecode_CBC.cpp(8066,7): warning C4267: '正在初始化': 將 'size_t' 轉換為 'short'，資料可能遺失
D:\astar\PinAstar\AStarDecode_CBC.cpp(8075,8): warning C4267: '正在初始化': 將 'size_t' 轉換為 'short'，資料可能遺失
D:\astar\PinAstar\AStarDecode_CBC.cpp(8145,8): warning C4267: '正在初始化': 將 'size_t' 轉換為 'short'，資料可能遺失
D:\astar\PinAstar\AStarDecode_CBC.cpp(8154,9): warning C4267: '正在初始化': 將 'size_t' 轉換為 'short'，資料可能遺失
D:\astar\PinAstar\AStarDecode_CBC.cpp(8268,95): warning C4267: '=': 將 'size_t' 轉換為 'int'，資料可能遺失
D:\astar\PinAstar\AStarDecode_CBC.cpp(8276,106): warning C4267: '=': 將 'size_t' 轉換為 'int'，資料可能遺失
D:\astar\PinAstar\AStarDecode_CBC.cpp(8277,81): warning C4267: '=': 將 'size_t' 轉換為 'int'，資料可能遺失
D:\astar\PinAstar\AStarDecode_CBC.cpp(8318,64): warning C4267: '引數': 將 'size_t' 轉換為 '_Ty'，資料可能遺失
          with
          [
              _Ty=short
          ]
D:\astar\PinAstar\AStarDecode_CBC.cpp(8337,8): warning C4267: '正在初始化': 將 'size_t' 轉換為 'short'，資料可能遺失
D:\astar\PinAstar\AStarDecode_CBC.cpp(8343,7): warning C4267: '正在初始化': 將 'size_t' 轉換為 'short'，資料可能遺失
D:\astar\PinAstar\AStarDecode_CBC.cpp(8355,8): warning C4267: '正在初始化': 將 'size_t' 轉換為 'short'，資料可能遺失
D:\astar\PinAstar\AStarDecode_CBC.cpp(8360,7): warning C4267: '正在初始化': 將 'size_t' 轉換為 'short'，資料可能遺失
D:\astar\PinAstar\AStarDecode_CBC.cpp(8402,7): warning C4267: '正在初始化': 將 'size_t' 轉換為 'short'，資料可能遺失
D:\astar\PinAstar\AStarDecode_CBC.cpp(8413,8): warning C4267: '正在初始化': 將 'size_t' 轉換為 'short'，資料可能遺失
D:\astar\PinAstar\AStarDecode_CBC.cpp(8542,64): warning C4267: '引數': 將 'size_t' 轉換為 '_Ty'，資料可能遺失
          with
          [
              _Ty=short
          ]
D:\astar\PinAstar\AStarDecode_CBC.cpp(8560,8): warning C4267: '正在初始化': 將 'size_t' 轉換為 'short'，資料可能遺失
D:\astar\PinAstar\AStarDecode_CBC.cpp(8566,7): warning C4267: '正在初始化': 將 'size_t' 轉換為 'short'，資料可能遺失
D:\astar\PinAstar\AStarDecode_CBC.cpp(8578,8): warning C4267: '正在初始化': 將 'size_t' 轉換為 'short'，資料可能遺失
D:\astar\PinAstar\AStarDecode_CBC.cpp(8583,7): warning C4267: '正在初始化': 將 'size_t' 轉換為 'short'，資料可能遺失
D:\astar\PinAstar\AStarDecode_CBC.cpp(8619,7): warning C4267: '正在初始化': 將 'size_t' 轉換為 'short'，資料可能遺失
D:\astar\PinAstar\AStarDecode_CBC.cpp(8628,8): warning C4267: '正在初始化': 將 'size_t' 轉換為 'short'，資料可能遺失
D:\astar\PinAstar\AStarDecode_CBC.cpp(8752,53): warning C4244: '=': 將 'double' 轉換為 'size_t'，由於類型不同，可能導致資料遺失
D:\astar\PinAstar\AStarDecode_CBC.cpp(8836,50): warning C4267: '引數': 將 'size_t' 轉換為 '_Ty'，資料可能遺失
          with
          [
              _Ty=short
          ]
D:\astar\PinAstar\AStarDecode_CBC.cpp(8853,6): warning C4267: '正在初始化': 將 'size_t' 轉換為 'short'，資料可能遺失
D:\astar\PinAstar\AStarDecode_CBC.cpp(8859,5): warning C4267: '正在初始化': 將 'size_t' 轉換為 'short'，資料可能遺失
D:\astar\PinAstar\AStarDecode_CBC.cpp(8871,6): warning C4267: '正在初始化': 將 'size_t' 轉換為 'short'，資料可能遺失
D:\astar\PinAstar\AStarDecode_CBC.cpp(8876,5): warning C4267: '正在初始化': 將 'size_t' 轉換為 'short'，資料可能遺失
D:\astar\PinAstar\AStarDecode_CBC.cpp(8904,5): warning C4267: '正在初始化': 將 'size_t' 轉換為 'short'，資料可能遺失
D:\astar\PinAstar\AStarDecode_CBC.cpp(8913,6): warning C4267: '正在初始化': 將 'size_t' 轉換為 'short'，資料可能遺失
D:\astar\PinAstar\AStarDecode_CBC.cpp(9092,53): warning C4244: '=': 將 'double' 轉換為 'size_t'，由於類型不同，可能導致資料遺失
D:\astar\PinAstar\AStarDecode_CBC.cpp(9171,98): warning C4267: '正在初始化': 將 'size_t' 轉換為 'int'，資料可能遺失
D:\astar\PinAstar\AStarDecode_CBC.cpp(9198,62): warning C4267: '引數': 將 'size_t' 轉換為 '_Ty'，資料可能遺失
          with
          [
              _Ty=short
          ]
D:\astar\PinAstar\AStarDecode_CBC.cpp(9213,6): warning C4267: '正在初始化': 將 'size_t' 轉換為 'short'，資料可能遺失
D:\astar\PinAstar\AStarDecode_CBC.cpp(9219,5): warning C4267: '正在初始化': 將 'size_t' 轉換為 'short'，資料可能遺失
D:\astar\PinAstar\AStarDecode_CBC.cpp(9231,6): warning C4267: '正在初始化': 將 'size_t' 轉換為 'short'，資料可能遺失
D:\astar\PinAstar\AStarDecode_CBC.cpp(9236,5): warning C4267: '正在初始化': 將 'size_t' 轉換為 'short'，資料可能遺失
D:\astar\PinAstar\AStarDecode_CBC.cpp(9280,5): warning C4267: '正在初始化': 將 'size_t' 轉換為 'short'，資料可能遺失
D:\astar\PinAstar\AStarDecode_CBC.cpp(9286,6): warning C4267: '正在初始化': 將 'size_t' 轉換為 'short'，資料可能遺失
D:\astar\PinAstar\AStarDecode_CBC.cpp(9404,24): warning C4553: '==': 未使用運算式結果; 您是否想要 '='?
D:\astar\PinAstar\AStarDecode_CBC.cpp(9416,5): warning C4267: '正在初始化': 將 'size_t' 轉換為 'short'，資料可能遺失
D:\astar\PinAstar\AStarDecode_CBC.cpp(9425,6): warning C4267: '正在初始化': 將 'size_t' 轉換為 'short'，資料可能遺失
D:\astar\PinAstar\AStarDecode_CBC.cpp(9488,64): warning C4267: '引數': 將 'size_t' 轉換為 '_Ty'，資料可能遺失
          with
          [
              _Ty=short
          ]
D:\astar\PinAstar\AStarDecode_CBC.cpp(9503,8): warning C4267: '正在初始化': 將 'size_t' 轉換為 'short'，資料可能遺失
D:\astar\PinAstar\AStarDecode_CBC.cpp(9509,7): warning C4267: '正在初始化': 將 'size_t' 轉換為 'short'，資料可能遺失
D:\astar\PinAstar\AStarDecode_CBC.cpp(9521,8): warning C4267: '正在初始化': 將 'size_t' 轉換為 'short'，資料可能遺失
D:\astar\PinAstar\AStarDecode_CBC.cpp(9526,7): warning C4267: '正在初始化': 將 'size_t' 轉換為 'short'，資料可能遺失
D:\astar\PinAstar\AStarDecode_CBC.cpp(9563,7): warning C4267: '正在初始化': 將 'size_t' 轉換為 'short'，資料可能遺失
D:\astar\PinAstar\AStarDecode_CBC.cpp(9570,8): warning C4267: '正在初始化': 將 'size_t' 轉換為 'short'，資料可能遺失
D:\astar\PinAstar\AStarDecode_CBC.cpp(9664,96): warning C4267: '=': 將 'size_t' 轉換為 'int'，資料可能遺失
D:\astar\PinAstar\AStarDecode_CBC.cpp(9677,107): warning C4267: '=': 將 'size_t' 轉換為 'int'，資料可能遺失
D:\astar\PinAstar\AStarDecode_CBC.cpp(9678,82): warning C4267: '=': 將 'size_t' 轉換為 'int'，資料可能遺失
D:\astar\PinAstar\AStarDecode_CBC.cpp(9704,64): warning C4267: '引數': 將 'size_t' 轉換為 '_Ty'，資料可能遺失
          with
          [
              _Ty=short
          ]
D:\astar\PinAstar\AStarDecode_CBC.cpp(9722,8): warning C4267: '正在初始化': 將 'size_t' 轉換為 'short'，資料可能遺失
D:\astar\PinAstar\AStarDecode_CBC.cpp(9728,7): warning C4267: '正在初始化': 將 'size_t' 轉換為 'short'，資料可能遺失
D:\astar\PinAstar\AStarDecode_CBC.cpp(9740,8): warning C4267: '正在初始化': 將 'size_t' 轉換為 'short'，資料可能遺失
D:\astar\PinAstar\AStarDecode_CBC.cpp(9745,7): warning C4267: '正在初始化': 將 'size_t' 轉換為 'short'，資料可能遺失
D:\astar\PinAstar\AStarDecode_CBC.cpp(9773,7): warning C4267: '正在初始化': 將 'size_t' 轉換為 'short'，資料可能遺失
D:\astar\PinAstar\AStarDecode_CBC.cpp(9782,8): warning C4267: '正在初始化': 將 'size_t' 轉換為 'short'，資料可能遺失
D:\astar\PinAstar\AStarDecode_CBC.cpp(9889,65): warning C4267: '引數': 將 'size_t' 轉換為 '_Ty'，資料可能遺失
          with
          [
              _Ty=short
          ]
D:\astar\PinAstar\AStarDecode_CBC.cpp(9907,9): warning C4267: '正在初始化': 將 'size_t' 轉換為 'short'，資料可能遺失
D:\astar\PinAstar\AStarDecode_CBC.cpp(9913,8): warning C4267: '正在初始化': 將 'size_t' 轉換為 'short'，資料可能遺失
D:\astar\PinAstar\AStarDecode_CBC.cpp(9925,9): warning C4267: '正在初始化': 將 'size_t' 轉換為 'short'，資料可能遺失
D:\astar\PinAstar\AStarDecode_CBC.cpp(9930,8): warning C4267: '正在初始化': 將 'size_t' 轉換為 'short'，資料可能遺失
D:\astar\PinAstar\AStarDecode_CBC.cpp(9947,8): warning C4267: '正在初始化': 將 'size_t' 轉換為 'short'，資料可能遺失
D:\astar\PinAstar\AStarDecode_CBC.cpp(9955,9): warning C4267: '正在初始化': 將 'size_t' 轉換為 'short'，資料可能遺失
D:\astar\PinAstar\AStarDecode_CBC.cpp(10061,53): warning C4244: '=': 將 'double' 轉換為 'size_t'，由於類型不同，可能導致資料遺失
D:\astar\PinAstar\AStarDecode_CBC.cpp(10141,98): warning C4267: '正在初始化': 將 'size_t' 轉換為 'int'，資料可能遺失
D:\astar\PinAstar\AStarDecode_CBC.cpp(10171,5): warning C4267: '正在初始化': 將 'size_t' 轉換為 'short'，資料可能遺失
D:\astar\PinAstar\AStarDecode_CBC.cpp(10180,6): warning C4267: '正在初始化': 將 'size_t' 轉換為 'short'，資料可能遺失
D:\astar\PinAstar\AStarDecode_CBC.cpp(10243,64): warning C4267: '引數': 將 'size_t' 轉換為 '_Ty'，資料可能遺失
          with
          [
              _Ty=short
          ]
D:\astar\PinAstar\AStarDecode_CBC.cpp(10259,8): warning C4267: '正在初始化': 將 'size_t' 轉換為 'short'，資料可能遺失
D:\astar\PinAstar\AStarDecode_CBC.cpp(10265,7): warning C4267: '正在初始化': 將 'size_t' 轉換為 'short'，資料可能遺失
D:\astar\PinAstar\AStarDecode_CBC.cpp(10277,8): warning C4267: '正在初始化': 將 'size_t' 轉換為 'short'，資料可能遺失
D:\astar\PinAstar\AStarDecode_CBC.cpp(10282,7): warning C4267: '正在初始化': 將 'size_t' 轉換為 'short'，資料可能遺失
D:\astar\PinAstar\AStarDecode_CBC.cpp(10326,7): warning C4267: '正在初始化': 將 'size_t' 轉換為 'short'，資料可能遺失
D:\astar\PinAstar\AStarDecode_CBC.cpp(10335,8): warning C4267: '正在初始化': 將 'size_t' 轉換為 'short'，資料可能遺失
D:\astar\PinAstar\AStarDecode_CBC.cpp(10406,8): warning C4267: '正在初始化': 將 'size_t' 轉換為 'short'，資料可能遺失
D:\astar\PinAstar\AStarDecode_CBC.cpp(10415,9): warning C4267: '正在初始化': 將 'size_t' 轉換為 'short'，資料可能遺失
D:\astar\PinAstar\AStarDecode_CBC.cpp(10536,24): warning C4553: '==': 未使用運算式結果; 您是否想要 '='?
D:\astar\PinAstar\AStarDecode_CBC.cpp(10549,5): warning C4267: '正在初始化': 將 'size_t' 轉換為 'short'，資料可能遺失
D:\astar\PinAstar\AStarDecode_CBC.cpp(10558,6): warning C4267: '正在初始化': 將 'size_t' 轉換為 'short'，資料可能遺失
D:\astar\PinAstar\AStarDecode_CBC.cpp(10622,64): warning C4267: '引數': 將 'size_t' 轉換為 '_Ty'，資料可能遺失
          with
          [
              _Ty=short
          ]
D:\astar\PinAstar\AStarDecode_CBC.cpp(10638,8): warning C4267: '正在初始化': 將 'size_t' 轉換為 'short'，資料可能遺失
D:\astar\PinAstar\AStarDecode_CBC.cpp(10644,7): warning C4267: '正在初始化': 將 'size_t' 轉換為 'short'，資料可能遺失
D:\astar\PinAstar\AStarDecode_CBC.cpp(10656,8): warning C4267: '正在初始化': 將 'size_t' 轉換為 'short'，資料可能遺失
D:\astar\PinAstar\AStarDecode_CBC.cpp(10661,7): warning C4267: '正在初始化': 將 'size_t' 轉換為 'short'，資料可能遺失
D:\astar\PinAstar\AStarDecode_CBC.cpp(10705,7): warning C4267: '正在初始化': 將 'size_t' 轉換為 'short'，資料可能遺失
D:\astar\PinAstar\AStarDecode_CBC.cpp(10714,8): warning C4267: '正在初始化': 將 'size_t' 轉換為 'short'，資料可能遺失
D:\astar\PinAstar\AStarDecode_CBC.cpp(10784,8): warning C4267: '正在初始化': 將 'size_t' 轉換為 'short'，資料可能遺失
D:\astar\PinAstar\AStarDecode_CBC.cpp(10793,9): warning C4267: '正在初始化': 將 'size_t' 轉換為 'short'，資料可能遺失
D:\astar\PinAstar\AStarDecode_CBC.cpp(10907,95): warning C4267: '=': 將 'size_t' 轉換為 'int'，資料可能遺失
D:\astar\PinAstar\AStarDecode_CBC.cpp(10915,106): warning C4267: '=': 將 'size_t' 轉換為 'int'，資料可能遺失
D:\astar\PinAstar\AStarDecode_CBC.cpp(10916,81): warning C4267: '=': 將 'size_t' 轉換為 'int'，資料可能遺失
D:\astar\PinAstar\AStarDecode_CBC.cpp(10957,64): warning C4267: '引數': 將 'size_t' 轉換為 '_Ty'，資料可能遺失
          with
          [
              _Ty=short
          ]
D:\astar\PinAstar\AStarDecode_CBC.cpp(10976,8): warning C4267: '正在初始化': 將 'size_t' 轉換為 'short'，資料可能遺失
D:\astar\PinAstar\AStarDecode_CBC.cpp(10982,7): warning C4267: '正在初始化': 將 'size_t' 轉換為 'short'，資料可能遺失
D:\astar\PinAstar\AStarDecode_CBC.cpp(10994,8): warning C4267: '正在初始化': 將 'size_t' 轉換為 'short'，資料可能遺失
D:\astar\PinAstar\AStarDecode_CBC.cpp(10999,7): warning C4267: '正在初始化': 將 'size_t' 轉換為 'short'，資料可能遺失
D:\astar\PinAstar\AStarDecode_CBC.cpp(11041,7): warning C4267: '正在初始化': 將 'size_t' 轉換為 'short'，資料可能遺失
D:\astar\PinAstar\AStarDecode_CBC.cpp(11052,8): warning C4267: '正在初始化': 將 'size_t' 轉換為 'short'，資料可能遺失
D:\astar\PinAstar\AStarDecode_CBC.cpp(11181,64): warning C4267: '引數': 將 'size_t' 轉換為 '_Ty'，資料可能遺失
          with
          [
              _Ty=short
          ]
D:\astar\PinAstar\AStarDecode_CBC.cpp(11199,8): warning C4267: '正在初始化': 將 'size_t' 轉換為 'short'，資料可能遺失
D:\astar\PinAstar\AStarDecode_CBC.cpp(11205,7): warning C4267: '正在初始化': 將 'size_t' 轉換為 'short'，資料可能遺失
D:\astar\PinAstar\AStarDecode_CBC.cpp(11217,8): warning C4267: '正在初始化': 將 'size_t' 轉換為 'short'，資料可能遺失
D:\astar\PinAstar\AStarDecode_CBC.cpp(11222,7): warning C4267: '正在初始化': 將 'size_t' 轉換為 'short'，資料可能遺失
D:\astar\PinAstar\AStarDecode_CBC.cpp(11258,7): warning C4267: '正在初始化': 將 'size_t' 轉換為 'short'，資料可能遺失
D:\astar\PinAstar\AStarDecode_CBC.cpp(11267,8): warning C4267: '正在初始化': 將 'size_t' 轉換為 'short'，資料可能遺失
D:\astar\PinAstar\AStarDecode_CBC.cpp(11391,53): warning C4244: '=': 將 'double' 轉換為 'size_t'，由於類型不同，可能導致資料遺失
D:\astar\PinAstar\AStarDecode_CBC.cpp(11472,98): warning C4267: '正在初始化': 將 'size_t' 轉換為 'int'，資料可能遺失
D:\astar\PinAstar\AStarDecode_CBC.cpp(11499,62): warning C4267: '引數': 將 'size_t' 轉換為 '_Ty'，資料可能遺失
          with
          [
              _Ty=short
          ]
D:\astar\PinAstar\AStarDecode_CBC.cpp(11514,6): warning C4267: '正在初始化': 將 'size_t' 轉換為 'short'，資料可能遺失
D:\astar\PinAstar\AStarDecode_CBC.cpp(11520,5): warning C4267: '正在初始化': 將 'size_t' 轉換為 'short'，資料可能遺失
D:\astar\PinAstar\AStarDecode_CBC.cpp(11532,6): warning C4267: '正在初始化': 將 'size_t' 轉換為 'short'，資料可能遺失
D:\astar\PinAstar\AStarDecode_CBC.cpp(11537,5): warning C4267: '正在初始化': 將 'size_t' 轉換為 'short'，資料可能遺失
D:\astar\PinAstar\AStarDecode_CBC.cpp(11581,5): warning C4267: '正在初始化': 將 'size_t' 轉換為 'short'，資料可能遺失
D:\astar\PinAstar\AStarDecode_CBC.cpp(11587,6): warning C4267: '正在初始化': 將 'size_t' 轉換為 'short'，資料可能遺失
D:\astar\PinAstar\AStarDecode_CBC.cpp(11705,24): warning C4553: '==': 未使用運算式結果; 您是否想要 '='?
D:\astar\PinAstar\AStarDecode_CBC.cpp(11717,5): warning C4267: '正在初始化': 將 'size_t' 轉換為 'short'，資料可能遺失
D:\astar\PinAstar\AStarDecode_CBC.cpp(11726,6): warning C4267: '正在初始化': 將 'size_t' 轉換為 'short'，資料可能遺失
D:\astar\PinAstar\AStarDecode_CBC.cpp(11789,64): warning C4267: '引數': 將 'size_t' 轉換為 '_Ty'，資料可能遺失
          with
          [
              _Ty=short
          ]
D:\astar\PinAstar\AStarDecode_CBC.cpp(11804,8): warning C4267: '正在初始化': 將 'size_t' 轉換為 'short'，資料可能遺失
D:\astar\PinAstar\AStarDecode_CBC.cpp(11810,7): warning C4267: '正在初始化': 將 'size_t' 轉換為 'short'，資料可能遺失
D:\astar\PinAstar\AStarDecode_CBC.cpp(11822,8): warning C4267: '正在初始化': 將 'size_t' 轉換為 'short'，資料可能遺失
D:\astar\PinAstar\AStarDecode_CBC.cpp(11827,7): warning C4267: '正在初始化': 將 'size_t' 轉換為 'short'，資料可能遺失
D:\astar\PinAstar\AStarDecode_CBC.cpp(11864,7): warning C4267: '正在初始化': 將 'size_t' 轉換為 'short'，資料可能遺失
D:\astar\PinAstar\AStarDecode_CBC.cpp(11871,8): warning C4267: '正在初始化': 將 'size_t' 轉換為 'short'，資料可能遺失
D:\astar\PinAstar\AStarDecode_CBC.cpp(11965,96): warning C4267: '=': 將 'size_t' 轉換為 'int'，資料可能遺失
D:\astar\PinAstar\AStarDecode_CBC.cpp(11978,107): warning C4267: '=': 將 'size_t' 轉換為 'int'，資料可能遺失
D:\astar\PinAstar\AStarDecode_CBC.cpp(11979,82): warning C4267: '=': 將 'size_t' 轉換為 'int'，資料可能遺失
D:\astar\PinAstar\AStarDecode_CBC.cpp(12005,64): warning C4267: '引數': 將 'size_t' 轉換為 '_Ty'，資料可能遺失
          with
          [
              _Ty=short
          ]
D:\astar\PinAstar\AStarDecode_CBC.cpp(12023,8): warning C4267: '正在初始化': 將 'size_t' 轉換為 'short'，資料可能遺失
D:\astar\PinAstar\AStarDecode_CBC.cpp(12029,7): warning C4267: '正在初始化': 將 'size_t' 轉換為 'short'，資料可能遺失
D:\astar\PinAstar\AStarDecode_CBC.cpp(12041,8): warning C4267: '正在初始化': 將 'size_t' 轉換為 'short'，資料可能遺失
D:\astar\PinAstar\AStarDecode_CBC.cpp(12046,7): warning C4267: '正在初始化': 將 'size_t' 轉換為 'short'，資料可能遺失
D:\astar\PinAstar\AStarDecode_CBC.cpp(12074,7): warning C4267: '正在初始化': 將 'size_t' 轉換為 'short'，資料可能遺失
D:\astar\PinAstar\AStarDecode_CBC.cpp(12083,8): warning C4267: '正在初始化': 將 'size_t' 轉換為 'short'，資料可能遺失
D:\astar\PinAstar\AStarDecode_CBC.cpp(12190,65): warning C4267: '引數': 將 'size_t' 轉換為 '_Ty'，資料可能遺失
          with
          [
              _Ty=short
          ]
D:\astar\PinAstar\AStarDecode_CBC.cpp(12208,9): warning C4267: '正在初始化': 將 'size_t' 轉換為 'short'，資料可能遺失
D:\astar\PinAstar\AStarDecode_CBC.cpp(12214,8): warning C4267: '正在初始化': 將 'size_t' 轉換為 'short'，資料可能遺失
D:\astar\PinAstar\AStarDecode_CBC.cpp(12226,9): warning C4267: '正在初始化': 將 'size_t' 轉換為 'short'，資料可能遺失
D:\astar\PinAstar\AStarDecode_CBC.cpp(12231,8): warning C4267: '正在初始化': 將 'size_t' 轉換為 'short'，資料可能遺失
D:\astar\PinAstar\AStarDecode_CBC.cpp(12248,8): warning C4267: '正在初始化': 將 'size_t' 轉換為 'short'，資料可能遺失
D:\astar\PinAstar\AStarDecode_CBC.cpp(12256,9): warning C4267: '正在初始化': 將 'size_t' 轉換為 'short'，資料可能遺失
D:\astar\PinAstar\AStarDecode_CBC.cpp(12362,53): warning C4244: '=': 將 'double' 轉換為 'size_t'，由於類型不同，可能導致資料遺失
D:\astar\PinAstar\AStarDecode_CBC.cpp(12442,98): warning C4267: '正在初始化': 將 'size_t' 轉換為 'int'，資料可能遺失
D:\astar\PinAstar\AStarDecode_CBC.cpp(12472,5): warning C4267: '正在初始化': 將 'size_t' 轉換為 'short'，資料可能遺失
D:\astar\PinAstar\AStarDecode_CBC.cpp(12481,6): warning C4267: '正在初始化': 將 'size_t' 轉換為 'short'，資料可能遺失
D:\astar\PinAstar\AStarDecode_CBC.cpp(12544,64): warning C4267: '引數': 將 'size_t' 轉換為 '_Ty'，資料可能遺失
          with
          [
              _Ty=short
          ]
D:\astar\PinAstar\AStarDecode_CBC.cpp(12560,8): warning C4267: '正在初始化': 將 'size_t' 轉換為 'short'，資料可能遺失
D:\astar\PinAstar\AStarDecode_CBC.cpp(12566,7): warning C4267: '正在初始化': 將 'size_t' 轉換為 'short'，資料可能遺失
D:\astar\PinAstar\AStarDecode_CBC.cpp(12578,8): warning C4267: '正在初始化': 將 'size_t' 轉換為 'short'，資料可能遺失
D:\astar\PinAstar\AStarDecode_CBC.cpp(12583,7): warning C4267: '正在初始化': 將 'size_t' 轉換為 'short'，資料可能遺失
D:\astar\PinAstar\AStarDecode_CBC.cpp(12627,7): warning C4267: '正在初始化': 將 'size_t' 轉換為 'short'，資料可能遺失
D:\astar\PinAstar\AStarDecode_CBC.cpp(12636,8): warning C4267: '正在初始化': 將 'size_t' 轉換為 'short'，資料可能遺失
D:\astar\PinAstar\AStarDecode_CBC.cpp(12707,8): warning C4267: '正在初始化': 將 'size_t' 轉換為 'short'，資料可能遺失
D:\astar\PinAstar\AStarDecode_CBC.cpp(12716,9): warning C4267: '正在初始化': 將 'size_t' 轉換為 'short'，資料可能遺失
D:\astar\PinAstar\AStarDecode_CBC.cpp(12837,24): warning C4553: '==': 未使用運算式結果; 您是否想要 '='?
D:\astar\PinAstar\AStarDecode_CBC.cpp(12850,5): warning C4267: '正在初始化': 將 'size_t' 轉換為 'short'，資料可能遺失
D:\astar\PinAstar\AStarDecode_CBC.cpp(12859,6): warning C4267: '正在初始化': 將 'size_t' 轉換為 'short'，資料可能遺失
D:\astar\PinAstar\AStarDecode_CBC.cpp(12923,64): warning C4267: '引數': 將 'size_t' 轉換為 '_Ty'，資料可能遺失
          with
          [
              _Ty=short
          ]
D:\astar\PinAstar\AStarDecode_CBC.cpp(12939,8): warning C4267: '正在初始化': 將 'size_t' 轉換為 'short'，資料可能遺失
D:\astar\PinAstar\AStarDecode_CBC.cpp(12945,7): warning C4267: '正在初始化': 將 'size_t' 轉換為 'short'，資料可能遺失
D:\astar\PinAstar\AStarDecode_CBC.cpp(12957,8): warning C4267: '正在初始化': 將 'size_t' 轉換為 'short'，資料可能遺失
D:\astar\PinAstar\AStarDecode_CBC.cpp(12962,7): warning C4267: '正在初始化': 將 'size_t' 轉換為 'short'，資料可能遺失
D:\astar\PinAstar\AStarDecode_CBC.cpp(13006,7): warning C4267: '正在初始化': 將 'size_t' 轉換為 'short'，資料可能遺失
D:\astar\PinAstar\AStarDecode_CBC.cpp(13015,8): warning C4267: '正在初始化': 將 'size_t' 轉換為 'short'，資料可能遺失
D:\astar\PinAstar\AStarDecode_CBC.cpp(13085,8): warning C4267: '正在初始化': 將 'size_t' 轉換為 'short'，資料可能遺失
D:\astar\PinAstar\AStarDecode_CBC.cpp(13094,9): warning C4267: '正在初始化': 將 'size_t' 轉換為 'short'，資料可能遺失
D:\astar\PinAstar\AStarDecode_CBC.cpp(13208,95): warning C4267: '=': 將 'size_t' 轉換為 'int'，資料可能遺失
D:\astar\PinAstar\AStarDecode_CBC.cpp(13216,106): warning C4267: '=': 將 'size_t' 轉換為 'int'，資料可能遺失
D:\astar\PinAstar\AStarDecode_CBC.cpp(13217,81): warning C4267: '=': 將 'size_t' 轉換為 'int'，資料可能遺失
D:\astar\PinAstar\AStarDecode_CBC.cpp(13258,64): warning C4267: '引數': 將 'size_t' 轉換為 '_Ty'，資料可能遺失
          with
          [
              _Ty=short
          ]
D:\astar\PinAstar\AStarDecode_CBC.cpp(13277,8): warning C4267: '正在初始化': 將 'size_t' 轉換為 'short'，資料可能遺失
D:\astar\PinAstar\AStarDecode_CBC.cpp(13283,7): warning C4267: '正在初始化': 將 'size_t' 轉換為 'short'，資料可能遺失
D:\astar\PinAstar\AStarDecode_CBC.cpp(13295,8): warning C4267: '正在初始化': 將 'size_t' 轉換為 'short'，資料可能遺失
D:\astar\PinAstar\AStarDecode_CBC.cpp(13300,7): warning C4267: '正在初始化': 將 'size_t' 轉換為 'short'，資料可能遺失
D:\astar\PinAstar\AStarDecode_CBC.cpp(13342,7): warning C4267: '正在初始化': 將 'size_t' 轉換為 'short'，資料可能遺失
D:\astar\PinAstar\AStarDecode_CBC.cpp(13353,8): warning C4267: '正在初始化': 將 'size_t' 轉換為 'short'，資料可能遺失
D:\astar\PinAstar\AStarDecode_CBC.cpp(13482,64): warning C4267: '引數': 將 'size_t' 轉換為 '_Ty'，資料可能遺失
          with
          [
              _Ty=short
          ]
D:\astar\PinAstar\AStarDecode_CBC.cpp(13500,8): warning C4267: '正在初始化': 將 'size_t' 轉換為 'short'，資料可能遺失
D:\astar\PinAstar\AStarDecode_CBC.cpp(13506,7): warning C4267: '正在初始化': 將 'size_t' 轉換為 'short'，資料可能遺失
D:\astar\PinAstar\AStarDecode_CBC.cpp(13518,8): warning C4267: '正在初始化': 將 'size_t' 轉換為 'short'，資料可能遺失
D:\astar\PinAstar\AStarDecode_CBC.cpp(13523,7): warning C4267: '正在初始化': 將 'size_t' 轉換為 'short'，資料可能遺失
D:\astar\PinAstar\AStarDecode_CBC.cpp(13559,7): warning C4267: '正在初始化': 將 'size_t' 轉換為 'short'，資料可能遺失
D:\astar\PinAstar\AStarDecode_CBC.cpp(13568,8): warning C4267: '正在初始化': 將 'size_t' 轉換為 'short'，資料可能遺失
D:\astar\PinAstar\AStarDecode_CBC.cpp(13692,53): warning C4244: '=': 將 'double' 轉換為 'size_t'，由於類型不同，可能導致資料遺失
  AStarDecode_DM_I.cpp
D:\astar\PinAstar\PinAstar\DefineClass.h(392,46): warning C4244: '=': 將 'size_t' 轉換為 'double'，由於類型不同，可能導致資料遺失
D:\astar\PinAstar\PinAstar\DefineClass.h(406,1): warning C4267: '正在初始化': 將 'size_t' 轉換為 'int'，資料可能遺失
D:\astar\PinAstar\PinAstar\DefineClass.h(408,1): warning C4267: '正在初始化': 將 'size_t' 轉換為 'int'，資料可能遺失
D:\astar\PinAstar\PinAstar\LDPC_OPER.h(119,134): warning C4244: '=': 將 'double' 轉換為 'int'，由於類型不同，可能導致資料遺失
D:\astar\PinAstar\PinAstar\LDPC_OPER.h(119,10): warning C4056: 在浮點常數算術中溢位
D:\astar\PinAstar\AStarDecode_DM_I.cpp(604,6): warning C4267: '正在初始化': 將 'size_t' 轉換為 'unsigned int'，資料可能遺失
  AStarDecode_DM_II.cpp
D:\astar\PinAstar\PinAstar\DefineClass.h(392,46): warning C4244: '=': 將 'size_t' 轉換為 'double'，由於類型不同，可能導致資料遺失
D:\astar\PinAstar\PinAstar\DefineClass.h(406,1): warning C4267: '正在初始化': 將 'size_t' 轉換為 'int'，資料可能遺失
D:\astar\PinAstar\PinAstar\DefineClass.h(408,1): warning C4267: '正在初始化': 將 'size_t' 轉換為 'int'，資料可能遺失
D:\astar\PinAstar\PinAstar\LDPC_OPER.h(119,134): warning C4244: '=': 將 'double' 轉換為 'int'，由於類型不同，可能導致資料遺失
D:\astar\PinAstar\PinAstar\LDPC_OPER.h(119,10): warning C4056: 在浮點常數算術中溢位
D:\astar\PinAstar\AStarDecode_DM_II.cpp(172,48): warning C4244: '/=': 將 'double' 轉換為 'unsigned __int64'，由於類型不同，可能導致資料遺失
D:\astar\PinAstar\AStarDecode_DM_II.cpp(292,48): warning C4244: '/=': 將 'double' 轉換為 'unsigned __int64'，由於類型不同，可能導致資料遺失
D:\astar\PinAstar\AStarDecode_DM_II.cpp(385,46): warning C4244: '=': 將 'double' 轉換為 'unsigned __int64'，由於類型不同，可能導致資料遺失
  AStarDecode_ReduceCOM.cpp
D:\astar\PinAstar\PinAstar\DefineClass.h(392,46): warning C4244: '=': 將 'size_t' 轉換為 'double'，由於類型不同，可能導致資料遺失
D:\astar\PinAstar\PinAstar\DefineClass.h(406,1): warning C4267: '正在初始化': 將 'size_t' 轉換為 'int'，資料可能遺失
D:\astar\PinAstar\PinAstar\DefineClass.h(408,1): warning C4267: '正在初始化': 將 'size_t' 轉換為 'int'，資料可能遺失
D:\astar\PinAstar\PinAstar\LDPC_OPER.h(119,134): warning C4244: '=': 將 'double' 轉換為 'int'，由於類型不同，可能導致資料遺失
D:\astar\PinAstar\PinAstar\LDPC_OPER.h(119,10): warning C4056: 在浮點常數算術中溢位
  AStarDecode_RSS.cpp
D:\astar\PinAstar\PinAstar\DefineClass.h(392,46): warning C4244: '=': 將 'size_t' 轉換為 'double'，由於類型不同，可能導致資料遺失
D:\astar\PinAstar\PinAstar\DefineClass.h(406,1): warning C4267: '正在初始化': 將 'size_t' 轉換為 'int'，資料可能遺失
D:\astar\PinAstar\PinAstar\DefineClass.h(408,1): warning C4267: '正在初始化': 將 'size_t' 轉換為 'int'，資料可能遺失
D:\astar\PinAstar\PinAstar\LDPC_OPER.h(119,134): warning C4244: '=': 將 'double' 轉換為 'int'，由於類型不同，可能導致資料遺失
D:\astar\PinAstar\PinAstar\LDPC_OPER.h(119,10): warning C4056: 在浮點常數算術中溢位
D:\astar\PinAstar\AStarDecode_RSS.cpp(32,50): warning C4267: '引數': 將 'size_t' 轉換為 '_Ty'，資料可能遺失
          with
          [
              _Ty=short
          ]
D:\astar\PinAstar\AStarDecode_RSS.cpp(152,51): warning C4267: '引數': 將 'size_t' 轉換為 '_Ty'，資料可能遺失
          with
          [
              _Ty=short
          ]
D:\astar\PinAstar\AStarDecode_RSS.cpp(232,51): warning C4267: '引數': 將 'size_t' 轉換為 '_Ty'，資料可能遺失
          with
          [
              _Ty=short
          ]
D:\astar\PinAstar\AStarDecode_RSS.cpp(310,51): warning C4267: '引數': 將 'size_t' 轉換為 '_Ty'，資料可能遺失
          with
          [
              _Ty=short
          ]
D:\astar\PinAstar\AStarDecode_RSS.cpp(446,50): warning C4267: '引數': 將 'size_t' 轉換為 '_Ty'，資料可能遺失
          with
          [
              _Ty=short
          ]
D:\astar\PinAstar\AStarDecode_RSS.cpp(589,51): warning C4267: '引數': 將 'size_t' 轉換為 '_Ty'，資料可能遺失
          with
          [
              _Ty=short
          ]
D:\astar\PinAstar\AStarDecode_RSS.cpp(695,51): warning C4267: '引數': 將 'size_t' 轉換為 '_Ty'，資料可能遺失
          with
          [
              _Ty=short
          ]
D:\astar\PinAstar\AStarDecode_RSS.cpp(805,51): warning C4267: '引數': 將 'size_t' 轉換為 '_Ty'，資料可能遺失
          with
          [
              _Ty=short
          ]
D:\astar\PinAstar\AStarDecode_RSS.cpp(982,5): warning C4267: '正在初始化': 將 'size_t' 轉換為 'unsigned int'，資料可能遺失
D:\astar\PinAstar\AStarDecode_RSS.cpp(991,5): warning C4267: '正在初始化': 將 'size_t' 轉換為 'unsigned int'，資料可能遺失
D:\astar\PinAstar\AStarDecode_RSS.cpp(1595,51): warning C4267: '引數': 將 'size_t' 轉換為 '_Ty'，資料可能遺失
          with
          [
              _Ty=short
          ]
D:\astar\PinAstar\AStarDecode_RSS.cpp(1707,51): warning C4267: '引數': 將 'size_t' 轉換為 '_Ty'，資料可能遺失
          with
          [
              _Ty=short
          ]
  AStarDecode_RSS_OSC.cpp
D:\astar\PinAstar\PinAstar\DefineClass.h(392,46): warning C4244: '=': 將 'size_t' 轉換為 'double'，由於類型不同，可能導致資料遺失
D:\astar\PinAstar\PinAstar\DefineClass.h(406,1): warning C4267: '正在初始化': 將 'size_t' 轉換為 'int'，資料可能遺失
D:\astar\PinAstar\PinAstar\DefineClass.h(408,1): warning C4267: '正在初始化': 將 'size_t' 轉換為 'int'，資料可能遺失
D:\astar\PinAstar\PinAstar\LDPC_OPER.h(119,134): warning C4244: '=': 將 'double' 轉換為 'int'，由於類型不同，可能導致資料遺失
D:\astar\PinAstar\PinAstar\LDPC_OPER.h(119,10): warning C4056: 在浮點常數算術中溢位
D:\astar\PinAstar\AStarDecode_RSS_OSC.cpp(1015,51): warning C4267: '引數': 將 'size_t' 轉換為 '_Ty'，資料可能遺失
          with
          [
              _Ty=short
          ]
  AWGN.cpp
  DefineClass.cpp
D:\astar\PinAstar\PinAstar\DefineClass.h(392,46): warning C4244: '=': 將 'size_t' 轉換為 'double'，由於類型不同，可能導致資料遺失
D:\astar\PinAstar\PinAstar\DefineClass.h(406,1): warning C4267: '正在初始化': 將 'size_t' 轉換為 'int'，資料可能遺失
D:\astar\PinAstar\PinAstar\DefineClass.h(408,1): warning C4267: '正在初始化': 將 'size_t' 轉換為 'int'，資料可能遺失
D:\astar\PinAstar\DefineClass.cpp(909,45): warning C4244: '=': 將 '_Ty' 轉換為 'size_t'，由於類型不同，可能導致資料遺失
          with
          [
              _Ty=double
          ]
D:\astar\PinAstar\DefineClass.cpp(1002,25): warning C4267: '正在初始化': 將 'size_t' 轉換為 'int'，資料可能遺失
  FileOperation.cpp
D:\astar\PinAstar\PinAstar\DefineClass.h(392,46): warning C4244: '=': 將 'size_t' 轉換為 'double'，由於類型不同，可能導致資料遺失
D:\astar\PinAstar\PinAstar\DefineClass.h(406,1): warning C4267: '正在初始化': 將 'size_t' 轉換為 'int'，資料可能遺失
D:\astar\PinAstar\PinAstar\DefineClass.h(408,1): warning C4267: '正在初始化': 將 'size_t' 轉換為 'int'，資料可能遺失
  LDPC_OPER.cpp
D:\astar\PinAstar\PinAstar\DefineClass.h(392,46): warning C4244: '=': 將 'size_t' 轉換為 'double'，由於類型不同，可能導致資料遺失
D:\astar\PinAstar\PinAstar\DefineClass.h(406,1): warning C4267: '正在初始化': 將 'size_t' 轉換為 'int'，資料可能遺失
D:\astar\PinAstar\PinAstar\DefineClass.h(408,1): warning C4267: '正在初始化': 將 'size_t' 轉換為 'int'，資料可能遺失
D:\astar\PinAstar\PinAstar\LDPC_OPER.h(119,134): warning C4244: '=': 將 'double' 轉換為 'int'，由於類型不同，可能導致資料遺失
D:\astar\PinAstar\PinAstar\LDPC_OPER.h(119,10): warning C4056: 在浮點常數算術中溢位
D:\astar\PinAstar\LDPC_OPER.cpp(22,7): warning C4101: 'ch': 未參考的區域變數
D:\astar\PinAstar\LDPC_OPER.cpp(179,24): warning C4244: '=': 將 'double' 轉換為 '_Ty'，由於類型不同，可能導致資料遺失
          with
          [
              _Ty=char
          ]
D:\astar\PinAstar\LDPC_OPER.cpp(224,44): warning C4267: '=': 將 'size_t' 轉換為 'int'，資料可能遺失
D:\astar\PinAstar\LDPC_OPER.cpp(225,22): warning C4267: '=': 將 'size_t' 轉換為 'int'，資料可能遺失
D:\astar\PinAstar\LDPC_OPER.cpp(312,17): warning C4244: '正在初始化': 將 '_Rep' 轉換為 'unsigned int'，由於類型不同，可能導致資料遺失
          with
          [
              _Rep=std::chrono::system_clock::rep
          ]
D:\astar\PinAstar\LDPC_OPER.cpp(412,28): warning C4267: '=': 將 'size_t' 轉換為 '_Ty'，資料可能遺失
          with
          [
              _Ty=int
          ]
D:\astar\PinAstar\LDPC_OPER.cpp(414,46): warning C4267: '正在初始化': 將 'size_t' 轉換為 'int'，資料可能遺失
D:\astar\PinAstar\LDPC_OPER.cpp(419,2): warning C4267: '正在初始化': 將 'size_t' 轉換為 'int'，資料可能遺失
D:\astar\PinAstar\LDPC_OPER.cpp(478,34): warning C4267: '正在初始化': 將 'size_t' 轉換為 'int'，資料可能遺失
D:\astar\PinAstar\LDPC_OPER.cpp(481,36): warning C4267: '引數': 將 'size_t' 轉換為 'int'，資料可能遺失
D:\astar\PinAstar\LDPC_OPER.cpp(505,34): warning C4267: '正在初始化': 將 'size_t' 轉換為 'int'，資料可能遺失
D:\astar\PinAstar\LDPC_OPER.cpp(506,3): warning C4267: '正在初始化': 將 'size_t' 轉換為 'int'，資料可能遺失
D:\astar\PinAstar\LDPC_OPER.cpp(510,36): warning C4267: '引數': 將 'size_t' 轉換為 'int'，資料可能遺失
D:\astar\PinAstar\LDPC_OPER.cpp(560,28): warning C4267: '=': 將 'size_t' 轉換為 '_Ty'，資料可能遺失
          with
          [
              _Ty=int
          ]
D:\astar\PinAstar\LDPC_OPER.cpp(562,46): warning C4267: '正在初始化': 將 'size_t' 轉換為 'int'，資料可能遺失
D:\astar\PinAstar\LDPC_OPER.cpp(571,2): warning C4267: '正在初始化': 將 'size_t' 轉換為 'int'，資料可能遺失
D:\astar\PinAstar\LDPC_OPER.cpp(610,2): warning C4267: '正在初始化': 將 'size_t' 轉換為 'int'，資料可能遺失
D:\astar\PinAstar\LDPC_OPER.cpp(645,28): warning C4267: '=': 將 'size_t' 轉換為 '_Ty'，資料可能遺失
          with
          [
              _Ty=int
          ]
D:\astar\PinAstar\LDPC_OPER.cpp(656,42): warning C4267: '引數': 將 'size_t' 轉換為 'int'，資料可能遺失
D:\astar\PinAstar\LDPC_OPER.cpp(663,36): warning C4267: '引數': 將 'size_t' 轉換為 'int'，資料可能遺失
D:\astar\PinAstar\LDPC_OPER.cpp(674,36): warning C4267: '引數': 將 'size_t' 轉換為 'int'，資料可能遺失
D:\astar\PinAstar\LDPC_OPER.cpp(682,3): warning C4267: '正在初始化': 將 'size_t' 轉換為 'int'，資料可能遺失
D:\astar\PinAstar\LDPC_OPER.cpp(686,36): warning C4267: '引數': 將 'size_t' 轉換為 'int'，資料可能遺失
D:\astar\PinAstar\LDPC_OPER.cpp(765,37): warning C4267: '正在初始化': 將 'size_t' 轉換為 'int'，資料可能遺失
D:\astar\PinAstar\LDPC_OPER.cpp(765,57): warning C4267: '正在初始化': 將 'size_t' 轉換為 'int'，資料可能遺失
D:\astar\PinAstar\LDPC_OPER.cpp(916,2): warning C4267: '正在初始化': 將 'size_t' 轉換為 'int'，資料可能遺失
D:\astar\PinAstar\LDPC_OPER.cpp(941,12): warning C4244: '正在初始化': 將 'double' 轉換為 'int'，由於類型不同，可能導致資料遺失
D:\astar\PinAstar\LDPC_OPER.cpp(975,37): warning C4267: '正在初始化': 將 'size_t' 轉換為 'int'，資料可能遺失
D:\astar\PinAstar\LDPC_OPER.cpp(975,57): warning C4267: '正在初始化': 將 'size_t' 轉換為 'int'，資料可能遺失
D:\astar\PinAstar\LDPC_OPER.cpp(1079,4): warning C4267: '正在初始化': 將 'size_t' 轉換為 'int'，資料可能遺失
D:\astar\PinAstar\LDPC_OPER.cpp(1134,37): warning C4267: '正在初始化': 將 'size_t' 轉換為 'int'，資料可能遺失
D:\astar\PinAstar\LDPC_OPER.cpp(1134,57): warning C4267: '正在初始化': 將 'size_t' 轉換為 'int'，資料可能遺失
D:\astar\PinAstar\LDPC_OPER.cpp(1243,24): warning C4267: '正在初始化': 將 'size_t' 轉換為 'int'，資料可能遺失
D:\astar\PinAstar\LDPC_OPER.cpp(1244,21): warning C4267: '正在初始化': 將 'size_t' 轉換為 'int'，資料可能遺失
D:\astar\PinAstar\LDPC_OPER.cpp(1349,60): warning C4244: '=': 將 '_Ty' 轉換為 'int'，由於類型不同，可能導致資料遺失
          with
          [
              _Ty=double
          ]
D:\astar\PinAstar\LDPC_OPER.cpp(1430,24): warning C4267: '正在初始化': 將 'size_t' 轉換為 'int'，資料可能遺失
D:\astar\PinAstar\LDPC_OPER.cpp(1431,21): warning C4267: '正在初始化': 將 'size_t' 轉換為 'int'，資料可能遺失
D:\astar\PinAstar\LDPC_OPER.cpp(1501,60): warning C4244: '=': 將 '_Ty' 轉換為 'int'，由於類型不同，可能導致資料遺失
          with
          [
              _Ty=double
          ]
D:\astar\PinAstar\LDPC_OPER.cpp(2197,2): warning C4267: '正在初始化': 將 'size_t' 轉換為 'int'，資料可能遺失
D:\astar\PinAstar\LDPC_OPER.cpp(2314,61): warning C4267: '正在初始化': 將 'size_t' 轉換為 'int'，資料可能遺失
D:\astar\PinAstar\LDPC_OPER.cpp(2314,83): warning C4267: '正在初始化': 將 'size_t' 轉換為 'int'，資料可能遺失
D:\astar\PinAstar\LDPC_OPER.cpp(2314,31): warning C4101: 'col_temp': 未參考的區域變數
D:\astar\PinAstar\LDPC_OPER.cpp(2314,21): warning C4101: 'row_temp': 未參考的區域變數
D:\astar\PinAstar\LDPC_OPER.cpp(2348,61): warning C4267: '正在初始化': 將 'size_t' 轉換為 'int'，資料可能遺失
D:\astar\PinAstar\LDPC_OPER.cpp(2348,83): warning C4267: '正在初始化': 將 'size_t' 轉換為 'int'，資料可能遺失
D:\astar\PinAstar\LDPC_OPER.cpp(2348,31): warning C4101: 'col_temp': 未參考的區域變數
D:\astar\PinAstar\LDPC_OPER.cpp(2348,21): warning C4101: 'row_temp': 未參考的區域變數
  LinearBlockCodes.cpp
D:\astar\PinAstar\PinAstar\DefineClass.h(392,46): warning C4244: '=': 將 'size_t' 轉換為 'double'，由於類型不同，可能導致資料遺失
D:\astar\PinAstar\PinAstar\DefineClass.h(406,1): warning C4267: '正在初始化': 將 'size_t' 轉換為 'int'，資料可能遺失
D:\astar\PinAstar\PinAstar\DefineClass.h(408,1): warning C4267: '正在初始化': 將 'size_t' 轉換為 'int'，資料可能遺失
D:\astar\PinAstar\PinAstar\LDPC_OPER.h(119,134): warning C4244: '=': 將 'double' 轉換為 'int'，由於類型不同，可能導致資料遺失
D:\astar\PinAstar\PinAstar\LDPC_OPER.h(119,10): warning C4056: 在浮點常數算術中溢位
D:\astar\PinAstar\LinearBlockCodes.cpp(286,30): warning C4477: 'sprintf_s' : 格式字串 '%d' 需要 'int' 類型的引數，但 variadic 引數 1 的類型為 'size_t'
D:\astar\PinAstar\LinearBlockCodes.cpp(286,30): message : 請考慮在格式字串中使用 '%zd'
D:\astar\PinAstar\LinearBlockCodes.cpp(288,30): warning C4477: 'sprintf_s' : 格式字串 '%d' 需要 'int' 類型的引數，但 variadic 引數 1 的類型為 'size_t'
D:\astar\PinAstar\LinearBlockCodes.cpp(288,30): message : 請考慮在格式字串中使用 '%zd'
D:\astar\PinAstar\LinearBlockCodes.cpp(302,30): warning C4477: 'sprintf_s' : 格式字串 '%d' 需要 'int' 類型的引數，但 variadic 引數 1 的類型為 'size_t'
D:\astar\PinAstar\LinearBlockCodes.cpp(302,30): message : 請考慮在格式字串中使用 '%zd'
D:\astar\PinAstar\LinearBlockCodes.cpp(304,31): warning C4477: 'sprintf_s' : 格式字串 '%d' 需要 'int' 類型的引數，但 variadic 引數 1 的類型為 'size_t'
D:\astar\PinAstar\LinearBlockCodes.cpp(304,31): message : 請考慮在格式字串中使用 '%zd'
D:\astar\PinAstar\LinearBlockCodes.cpp(523,17): warning C4244: '正在初始化': 將 '_Rep' 轉換為 'unsigned int'，由於類型不同，可能導致資料遺失
          with
          [
              _Rep=std::chrono::system_clock::rep
          ]
D:\astar\PinAstar\LinearBlockCodes.cpp(604,17): warning C4244: '正在初始化': 將 '_Rep' 轉換為 'unsigned int'，由於類型不同，可能導致資料遺失
          with
          [
              _Rep=std::chrono::system_clock::rep
          ]
D:\astar\PinAstar\LinearBlockCodes.cpp(650,31): warning C4477: 'sprintf_s' : 格式字串 '%d' 需要 'int' 類型的引數，但 variadic 引數 1 的類型為 'size_t'
D:\astar\PinAstar\LinearBlockCodes.cpp(650,31): message : 請考慮在格式字串中使用 '%zd'
D:\astar\PinAstar\LinearBlockCodes.cpp(652,31): warning C4477: 'sprintf_s' : 格式字串 '%d' 需要 'int' 類型的引數，但 variadic 引數 1 的類型為 'size_t'
D:\astar\PinAstar\LinearBlockCodes.cpp(652,31): message : 請考慮在格式字串中使用 '%zd'
D:\astar\PinAstar\LinearBlockCodes.cpp(789,31): warning C4477: 'sprintf_s' : 格式字串 '%d' 需要 'int' 類型的引數，但 variadic 引數 1 的類型為 'size_t'
D:\astar\PinAstar\LinearBlockCodes.cpp(789,31): message : 請考慮在格式字串中使用 '%zd'
D:\astar\PinAstar\LinearBlockCodes.cpp(791,31): warning C4477: 'sprintf_s' : 格式字串 '%d' 需要 'int' 類型的引數，但 variadic 引數 1 的類型為 'size_t'
D:\astar\PinAstar\LinearBlockCodes.cpp(791,31): message : 請考慮在格式字串中使用 '%zd'
D:\astar\PinAstar\LinearBlockCodes.cpp(869,73): warning C4267: '引數': 將 'size_t' 轉換為 'char'，資料可能遺失
D:\astar\PinAstar\LinearBlockCodes.cpp(1078,35): warning C4267: '正在初始化': 將 'size_t' 轉換為 'int'，資料可能遺失
D:\astar\PinAstar\LinearBlockCodes.cpp(1080,38): warning C4267: '正在初始化': 將 'size_t' 轉換為 'int'，資料可能遺失
D:\astar\PinAstar\LinearBlockCodes.cpp(1104,59): warning C4267: '正在初始化': 將 'size_t' 轉換為 'char'，資料可能遺失
D:\astar\PinAstar\LinearBlockCodes.cpp(1106,38): warning C4267: '正在初始化': 將 'size_t' 轉換為 'char'，資料可能遺失
D:\astar\PinAstar\LinearBlockCodes.cpp(1154,40): warning C4267: '=': 將 'size_t' 轉換為 '_Ty'，資料可能遺失
          with
          [
              _Ty=char
          ]
D:\astar\PinAstar\LinearBlockCodes.cpp(1427,66): warning C4267: '正在初始化': 將 'size_t' 轉換為 'char'，資料可能遺失
D:\astar\PinAstar\LinearBlockCodes.cpp(1508,8): warning C4244: '正在初始化': 將 'double' 轉換為 'int'，由於類型不同，可能導致資料遺失
D:\astar\PinAstar\LinearBlockCodes.cpp(1519,8): warning C4244: '正在初始化': 將 'double' 轉換為 'int'，由於類型不同，可能導致資料遺失
D:\astar\PinAstar\LinearBlockCodes.cpp(1524,12): warning C4244: '正在初始化': 將 'double' 轉換為 'int'，由於類型不同，可能導致資料遺失
D:\astar\PinAstar\LinearBlockCodes.cpp(1741,10): warning C4244: '=': 將 'double' 轉換為 'int'，由於類型不同，可能導致資料遺失
D:\astar\PinAstar\LinearBlockCodes.cpp(1761,16): warning C4244: '=': 將 'double' 轉換為 '_Ty'，由於類型不同，可能導致資料遺失
          with
          [
              _Ty=char
          ]
D:\astar\PinAstar\LinearBlockCodes.cpp(1801,8): warning C4244: '正在初始化': 將 'double' 轉換為 'int'，由於類型不同，可能導致資料遺失
D:\astar\PinAstar\LinearBlockCodes.cpp(1806,33): warning C4267: '正在初始化': 將 'size_t' 轉換為 'int'，資料可能遺失
D:\astar\PinAstar\LinearBlockCodes.cpp(1819,10): warning C4244: '=': 將 'double' 轉換為 'int'，由於類型不同，可能導致資料遺失
D:\astar\PinAstar\LinearBlockCodes.cpp(1820,10): warning C4244: '=': 將 'double' 轉換為 'int'，由於類型不同，可能導致資料遺失
D:\astar\PinAstar\LinearBlockCodes.cpp(1843,16): warning C4244: '=': 將 'double' 轉換為 '_Ty'，由於類型不同，可能導致資料遺失
          with
          [
              _Ty=char
          ]
D:\astar\PinAstar\LinearBlockCodes.cpp(1867,8): warning C4244: '正在初始化': 將 'double' 轉換為 'int'，由於類型不同，可能導致資料遺失
D:\astar\PinAstar\LinearBlockCodes.cpp(1872,33): warning C4267: '正在初始化': 將 'size_t' 轉換為 'int'，資料可能遺失
D:\astar\PinAstar\LinearBlockCodes.cpp(1885,10): warning C4244: '=': 將 'double' 轉換為 'int'，由於類型不同，可能導致資料遺失
D:\astar\PinAstar\LinearBlockCodes.cpp(1886,10): warning C4244: '=': 將 'double' 轉換為 'int'，由於類型不同，可能導致資料遺失
D:\astar\PinAstar\LinearBlockCodes.cpp(1887,10): warning C4244: '=': 將 'double' 轉換為 'int'，由於類型不同，可能導致資料遺失
D:\astar\PinAstar\LinearBlockCodes.cpp(1912,16): warning C4244: '=': 將 'double' 轉換為 '_Ty'，由於類型不同，可能導致資料遺失
          with
          [
              _Ty=char
          ]
D:\astar\PinAstar\LinearBlockCodes.cpp(1928,8): warning C4244: '正在初始化': 將 'double' 轉換為 'int'，由於類型不同，可能導致資料遺失
D:\astar\PinAstar\LinearBlockCodes.cpp(1933,33): warning C4267: '正在初始化': 將 'size_t' 轉換為 'int'，資料可能遺失
D:\astar\PinAstar\LinearBlockCodes.cpp(1955,46): warning C4267: '正在初始化': 將 'size_t' 轉換為 'int'，資料可能遺失
  MatrixOperation.cpp
D:\astar\PinAstar\PinAstar\DefineClass.h(392,46): warning C4244: '=': 將 'size_t' 轉換為 'double'，由於類型不同，可能導致資料遺失
D:\astar\PinAstar\PinAstar\DefineClass.h(406,1): warning C4267: '正在初始化': 將 'size_t' 轉換為 'int'，資料可能遺失
D:\astar\PinAstar\PinAstar\DefineClass.h(408,1): warning C4267: '正在初始化': 將 'size_t' 轉換為 'int'，資料可能遺失
D:\astar\PinAstar\MatrixOperation.cpp(96,28): warning C4267: '=': 將 'size_t' 轉換為 '_Ty'，資料可能遺失
          with
          [
              _Ty=int
          ]
D:\astar\PinAstar\MatrixOperation.cpp(125,76): warning C4267: '引數': 將 'size_t' 轉換為 'int'，資料可能遺失
D:\astar\PinAstar\MatrixOperation.cpp(155,36): warning C4267: '引數': 將 'size_t' 轉換為 'int'，資料可能遺失
D:\astar\PinAstar\MatrixOperation.cpp(172,3): warning C4267: '正在初始化': 將 'size_t' 轉換為 'int'，資料可能遺失
D:\astar\PinAstar\MatrixOperation.cpp(176,36): warning C4267: '引數': 將 'size_t' 轉換為 'int'，資料可能遺失
  POLAR_OPER.cpp
D:\astar\PinAstar\PinAstar\DefineClass.h(392,46): warning C4244: '=': 將 'size_t' 轉換為 'double'，由於類型不同，可能導致資料遺失
D:\astar\PinAstar\PinAstar\DefineClass.h(406,1): warning C4267: '正在初始化': 將 'size_t' 轉換為 'int'，資料可能遺失
D:\astar\PinAstar\PinAstar\DefineClass.h(408,1): warning C4267: '正在初始化': 將 'size_t' 轉換為 'int'，資料可能遺失
D:\astar\PinAstar\PinAstar\LDPC_OPER.h(119,134): warning C4244: '=': 將 'double' 轉換為 'int'，由於類型不同，可能導致資料遺失
D:\astar\PinAstar\PinAstar\LDPC_OPER.h(119,10): warning C4056: 在浮點常數算術中溢位
D:\astar\PinAstar\POLAR_OPER.cpp(7,25): warning C4267: '正在初始化': 將 'size_t' 轉換為 'int'，資料可能遺失
D:\astar\PinAstar\POLAR_OPER.cpp(7,46): warning C4267: '正在初始化': 將 'size_t' 轉換為 'int'，資料可能遺失
D:\astar\PinAstar\POLAR_OPER.cpp(33,10): warning C4244: '正在初始化': 將 'double' 轉換為 'int'，由於類型不同，可能導致資料遺失
D:\astar\PinAstar\POLAR_OPER.cpp(36,10): warning C4244: '正在初始化': 將 'double' 轉換為 'int'，由於類型不同，可能導致資料遺失
D:\astar\PinAstar\POLAR_OPER.cpp(86,36): warning C4244: '=': 將 '_Ty' 轉換為 '_Ty'，由於類型不同，可能導致資料遺失
          with
          [
              _Ty=double
          ]
          and
          [
              _Ty=int
          ]
D:\astar\PinAstar\POLAR_OPER.cpp(143,8): warning C4244: '正在初始化': 將 'double' 轉換為 'int'，由於類型不同，可能導致資料遺失
D:\astar\PinAstar\POLAR_OPER.cpp(150,11): warning C4244: '=': 將 'double' 轉換為 'int'，由於類型不同，可能導致資料遺失
D:\astar\PinAstar\POLAR_OPER.cpp(111,7): warning C4101: 'inttemp': 未參考的區域變數
D:\astar\PinAstar\POLAR_OPER.cpp(226,24): warning C4267: '正在初始化': 將 'size_t' 轉換為 'int'，資料可能遺失
D:\astar\PinAstar\POLAR_OPER.cpp(226,44): warning C4267: '正在初始化': 將 'size_t' 轉換為 'int'，資料可能遺失
D:\astar\PinAstar\POLAR_OPER.cpp(227,14): warning C4244: '正在初始化': 將 'double' 轉換為 'int'，由於類型不同，可能導致資料遺失
D:\astar\PinAstar\POLAR_OPER.cpp(258,11): warning C4244: '正在初始化': 將 'double' 轉換為 'int'，由於類型不同，可能導致資料遺失
D:\astar\PinAstar\POLAR_OPER.cpp(261,11): warning C4244: '正在初始化': 將 'double' 轉換為 'int'，由於類型不同，可能導致資料遺失
D:\astar\PinAstar\POLAR_OPER.cpp(308,11): warning C4244: '正在初始化': 將 'double' 轉換為 'int'，由於類型不同，可能導致資料遺失
D:\astar\PinAstar\POLAR_OPER.cpp(311,11): warning C4244: '正在初始化': 將 'double' 轉換為 'int'，由於類型不同，可能導致資料遺失
D:\astar\PinAstar\POLAR_OPER.cpp(444,24): warning C4267: '正在初始化': 將 'size_t' 轉換為 'int'，資料可能遺失
D:\astar\PinAstar\POLAR_OPER.cpp(444,44): warning C4267: '正在初始化': 將 'size_t' 轉換為 'int'，資料可能遺失
D:\astar\PinAstar\POLAR_OPER.cpp(445,14): warning C4244: '正在初始化': 將 'double' 轉換為 'int'，由於類型不同，可能導致資料遺失
D:\astar\PinAstar\POLAR_OPER.cpp(513,11): warning C4244: '正在初始化': 將 'double' 轉換為 'int'，由於類型不同，可能導致資料遺失
D:\astar\PinAstar\POLAR_OPER.cpp(516,11): warning C4244: '正在初始化': 將 'double' 轉換為 'int'，由於類型不同，可能導致資料遺失
D:\astar\PinAstar\POLAR_OPER.cpp(537,11): warning C4244: '正在初始化': 將 'double' 轉換為 'int'，由於類型不同，可能導致資料遺失
D:\astar\PinAstar\POLAR_OPER.cpp(540,11): warning C4244: '正在初始化': 將 'double' 轉換為 'int'，由於類型不同，可能導致資料遺失
D:\astar\PinAstar\POLAR_OPER.cpp(657,24): warning C4267: '正在初始化': 將 'size_t' 轉換為 'int'，資料可能遺失
D:\astar\PinAstar\POLAR_OPER.cpp(657,44): warning C4267: '正在初始化': 將 'size_t' 轉換為 'int'，資料可能遺失
D:\astar\PinAstar\POLAR_OPER.cpp(658,14): warning C4244: '正在初始化': 將 'double' 轉換為 'int'，由於類型不同，可能導致資料遺失
D:\astar\PinAstar\POLAR_OPER.cpp(692,11): warning C4244: '正在初始化': 將 'double' 轉換為 'int'，由於類型不同，可能導致資料遺失
D:\astar\PinAstar\POLAR_OPER.cpp(695,11): warning C4244: '正在初始化': 將 'double' 轉換為 'int'，由於類型不同，可能導致資料遺失
D:\astar\PinAstar\POLAR_OPER.cpp(713,12): warning C4244: '正在初始化': 將 'double' 轉換為 'int'，由於類型不同，可能導致資料遺失
D:\astar\PinAstar\POLAR_OPER.cpp(716,12): warning C4244: '正在初始化': 將 'double' 轉換為 'int'，由於類型不同，可能導致資料遺失
D:\astar\PinAstar\POLAR_OPER.cpp(749,24): warning C4267: '正在初始化': 將 'size_t' 轉換為 'int'，資料可能遺失
D:\astar\PinAstar\POLAR_OPER.cpp(749,44): warning C4267: '正在初始化': 將 'size_t' 轉換為 'int'，資料可能遺失
D:\astar\PinAstar\POLAR_OPER.cpp(750,14): warning C4244: '正在初始化': 將 'double' 轉換為 'int'，由於類型不同，可能導致資料遺失
D:\astar\PinAstar\POLAR_OPER.cpp(782,11): warning C4244: '正在初始化': 將 'double' 轉換為 'int'，由於類型不同，可能導致資料遺失
D:\astar\PinAstar\POLAR_OPER.cpp(785,11): warning C4244: '正在初始化': 將 'double' 轉換為 'int'，由於類型不同，可能導致資料遺失
D:\astar\PinAstar\POLAR_OPER.cpp(803,12): warning C4244: '正在初始化': 將 'double' 轉換為 'int'，由於類型不同，可能導致資料遺失
D:\astar\PinAstar\POLAR_OPER.cpp(806,12): warning C4244: '正在初始化': 將 'double' 轉換為 'int'，由於類型不同，可能導致資料遺失
D:\astar\PinAstar\POLAR_OPER.cpp(927,23): warning C4244: '正在初始化': 將 'double' 轉換為 'char'，由於類型不同，可能導致資料遺失
D:\astar\PinAstar\POLAR_OPER.cpp(940,12): warning C4244: '=': 將 'double' 轉換為 'char'，由於類型不同，可能導致資料遺失
D:\astar\PinAstar\POLAR_OPER.cpp(953,12): warning C4244: '=': 將 'double' 轉換為 'char'，由於類型不同，可能導致資料遺失
D:\astar\PinAstar\POLAR_OPER.cpp(966,12): warning C4244: '=': 將 'double' 轉換為 'char'，由於類型不同，可能導致資料遺失
D:\astar\PinAstar\POLAR_OPER.cpp(979,12): warning C4244: '=': 將 'double' 轉換為 'char'，由於類型不同，可能導致資料遺失
D:\astar\PinAstar\POLAR_OPER.cpp(1096,11): warning C4244: '正在初始化': 將 'double' 轉換為 'int'，由於類型不同，可能導致資料遺失
D:\astar\PinAstar\POLAR_OPER.cpp(1112,12): warning C4244: '=': 將 'double' 轉換為 'int'，由於類型不同，可能導致資料遺失
D:\astar\PinAstar\POLAR_OPER.cpp(1128,12): warning C4244: '=': 將 'double' 轉換為 'int'，由於類型不同，可能導致資料遺失
D:\astar\PinAstar\POLAR_OPER.cpp(1144,12): warning C4244: '=': 將 'double' 轉換為 'int'，由於類型不同，可能導致資料遺失
D:\astar\PinAstar\POLAR_OPER.cpp(1336,22): warning C4244: '正在初始化': 將 'double' 轉換為 'int'，由於類型不同，可能導致資料遺失
D:\astar\PinAstar\POLAR_OPER.cpp(1340,12): warning C4244: '正在初始化': 將 'double' 轉換為 'int'，由於類型不同，可能導致資料遺失
D:\astar\PinAstar\POLAR_OPER.cpp(1384,160): warning C4554: '^': 檢查運算子優先順序找出可能發生的錯誤; 使用括號釐清順序
D:\astar\PinAstar\POLAR_OPER.cpp(1419,86): warning C4554: '^': 檢查運算子優先順序找出可能發生的錯誤; 使用括號釐清順序
D:\astar\PinAstar\POLAR_OPER.cpp(1486,22): warning C4244: '正在初始化': 將 'double' 轉換為 'int'，由於類型不同，可能導致資料遺失
D:\astar\PinAstar\POLAR_OPER.cpp(1490,12): warning C4244: '正在初始化': 將 'double' 轉換為 'int'，由於類型不同，可能導致資料遺失
D:\astar\PinAstar\POLAR_OPER.cpp(1553,23): warning C4244: '正在初始化': 將 'double' 轉換為 'char'，由於類型不同，可能導致資料遺失
D:\astar\PinAstar\POLAR_OPER.cpp(1559,35): warning C4554: '^': 檢查運算子優先順序找出可能發生的錯誤; 使用括號釐清順序
D:\astar\PinAstar\POLAR_OPER.cpp(1567,12): warning C4244: '=': 將 'double' 轉換為 'char'，由於類型不同，可能導致資料遺失
D:\astar\PinAstar\POLAR_OPER.cpp(1573,40): warning C4554: '^': 檢查運算子優先順序找出可能發生的錯誤; 使用括號釐清順序
D:\astar\PinAstar\POLAR_OPER.cpp(1581,12): warning C4244: '=': 將 'double' 轉換為 'char'，由於類型不同，可能導致資料遺失
D:\astar\PinAstar\POLAR_OPER.cpp(1587,40): warning C4554: '^': 檢查運算子優先順序找出可能發生的錯誤; 使用括號釐清順序
D:\astar\PinAstar\POLAR_OPER.cpp(1595,12): warning C4244: '=': 將 'double' 轉換為 'char'，由於類型不同，可能導致資料遺失
D:\astar\PinAstar\POLAR_OPER.cpp(1601,40): warning C4554: '^': 檢查運算子優先順序找出可能發生的錯誤; 使用括號釐清順序
D:\astar\PinAstar\POLAR_OPER.cpp(1609,12): warning C4244: '=': 將 'double' 轉換為 'char'，由於類型不同，可能導致資料遺失
D:\astar\PinAstar\POLAR_OPER.cpp(1615,40): warning C4554: '^': 檢查運算子優先順序找出可能發生的錯誤; 使用括號釐清順序
D:\astar\PinAstar\POLAR_OPER.cpp(1649,23): warning C4244: '正在初始化': 將 'double' 轉換為 'int'，由於類型不同，可能導致資料遺失
D:\astar\PinAstar\POLAR_OPER.cpp(1653,13): warning C4244: '正在初始化': 將 'double' 轉換為 'int'，由於類型不同，可能導致資料遺失
  Source.cpp
D:\astar\PinAstar\PinAstar\DefineClass.h(392,46): warning C4244: '=': 將 'size_t' 轉換為 'double'，由於類型不同，可能導致資料遺失
D:\astar\PinAstar\PinAstar\DefineClass.h(406,1): warning C4267: '正在初始化': 將 'size_t' 轉換為 'int'，資料可能遺失
D:\astar\PinAstar\PinAstar\DefineClass.h(408,1): warning C4267: '正在初始化': 將 'size_t' 轉換為 'int'，資料可能遺失
D:\astar\PinAstar\PinAstar\LDPC_OPER.h(119,134): warning C4244: '=': 將 'double' 轉換為 'int'，由於類型不同，可能導致資料遺失
D:\astar\PinAstar\PinAstar\LDPC_OPER.h(119,10): warning C4056: 在浮點常數算術中溢位
D:\astar\PinAstar\Source.cpp(121,1): warning C4326: 'main' 的傳回類型應該是 'int'，而非 'void'
D:\astar\PinAstar\Source.cpp(138,16): warning C4244: '正在初始化': 將 '_Rep' 轉換為 'unsigned int'，由於類型不同，可能導致資料遺失
          with
          [
              _Rep=std::chrono::system_clock::rep
          ]
D:\astar\PinAstar\Source.cpp(544,58): warning C4267: '=': 將 'size_t' 轉換為 'int'，資料可能遺失
D:\astar\PinAstar\Source.cpp(556,75): warning C4267: '=': 將 'size_t' 轉換為 'int'，資料可能遺失
D:\astar\PinAstar\Source.cpp(574,124): warning C4267: '引數': 將 'size_t' 轉換為 'int'，資料可能遺失
D:\astar\PinAstar\Source.cpp(756,103): warning C4267: '正在初始化': 將 'size_t' 轉換為 'int'，資料可能遺失
D:\astar\PinAstar\Source.cpp(758,133): warning C4267: '正在初始化': 將 'size_t' 轉換為 'int'，資料可能遺失
D:\astar\PinAstar\Source.cpp(860,97): warning C4267: '正在初始化': 將 'size_t' 轉換為 'int'，資料可能遺失
D:\astar\PinAstar\Source.cpp(1231,107): warning C4267: '正在初始化': 將 'size_t' 轉換為 'int'，資料可能遺失
D:\astar\PinAstar\Source.cpp(1509,46): warning C4244: '引數': 將 'size_t' 轉換為 'double'，由於類型不同，可能導致資料遺失
D:\astar\PinAstar\Source.cpp(1510,46): warning C4244: '引數': 將 'size_t' 轉換為 'double'，由於類型不同，可能導致資料遺失
D:\astar\PinAstar\Source.cpp(1610,75): warning C4267: '=': 將 'size_t' 轉換為 'int'，資料可能遺失
D:\astar\PinAstar\Source.cpp(2047,46): warning C4244: '引數': 將 'size_t' 轉換為 'double'，由於類型不同，可能導致資料遺失
D:\astar\PinAstar\Source.cpp(2049,46): warning C4244: '引數': 將 'size_t' 轉換為 'double'，由於類型不同，可能導致資料遺失
D:\astar\PinAstar\Source.cpp(2135,42): warning C4244: '引數': 將 'size_t' 轉換為 'double'，由於類型不同，可能導致資料遺失
D:\astar\PinAstar\Source.cpp(2137,42): warning C4244: '引數': 將 'size_t' 轉換為 'double'，由於類型不同，可能導致資料遺失
D:\astar\PinAstar\Source.cpp(867,11): warning C4101: 'Bit': 未參考的區域變數
  TURBO_OPER.cpp
D:\astar\PinAstar\PinAstar\DefineClass.h(392,46): warning C4244: '=': 將 'size_t' 轉換為 'double'，由於類型不同，可能導致資料遺失
D:\astar\PinAstar\PinAstar\DefineClass.h(406,1): warning C4267: '正在初始化': 將 'size_t' 轉換為 'int'，資料可能遺失
D:\astar\PinAstar\PinAstar\DefineClass.h(408,1): warning C4267: '正在初始化': 將 'size_t' 轉換為 'int'，資料可能遺失
D:\astar\PinAstar\PinAstar\LDPC_OPER.h(119,134): warning C4244: '=': 將 'double' 轉換為 'int'，由於類型不同，可能導致資料遺失
D:\astar\PinAstar\PinAstar\LDPC_OPER.h(119,10): warning C4056: 在浮點常數算術中溢位
D:\astar\PinAstar\TURBO_OPER.cpp(41,70): warning C4244: '引數': 將 'double' 轉換為 'const __int64'，由於類型不同，可能導致資料遺失
D:\astar\PinAstar\TURBO_OPER.cpp(42,41): warning C4244: '引數': 將 'double' 轉換為 'const unsigned __int64'，由於類型不同，可能導致資料遺失
D:\astar\PinAstar\TURBO_OPER.cpp(45,130): warning C4244: '引數': 將 'double' 轉換為 'const __int64'，由於類型不同，可能導致資料遺失
D:\astar\PinAstar\TURBO_OPER.cpp(56,24): warning C4267: '正在初始化': 將 'size_t' 轉換為 'int'，資料可能遺失
D:\astar\PinAstar\TURBO_OPER.cpp(57,21): warning C4267: '正在初始化': 將 'size_t' 轉換為 'int'，資料可能遺失
D:\astar\PinAstar\TURBO_OPER.cpp(58,23): warning C4267: '正在初始化': 將 'size_t' 轉換為 'int'，資料可能遺失
D:\astar\PinAstar\TURBO_OPER.cpp(59,23): warning C4267: '正在初始化': 將 'size_t' 轉換為 'int'，資料可能遺失
D:\astar\PinAstar\TURBO_OPER.cpp(723,27): warning C4244: '引數': 將 'double' 轉換為 'const unsigned __int64'，由於類型不同，可能導致資料遺失
D:\astar\PinAstar\TURBO_OPER.cpp(727,30): warning C4244: '引數': 將 'double' 轉換為 'const unsigned __int64'，由於類型不同，可能導致資料遺失
D:\astar\PinAstar\TURBO_OPER.cpp(730,26): warning C4244: '引數': 將 'double' 轉換為 'const unsigned __int64'，由於類型不同，可能導致資料遺失
D:\astar\PinAstar\TURBO_OPER.cpp(1294,5): warning C4267: '正在初始化': 將 'size_t' 轉換為 'int'，資料可能遺失
D:\astar\PinAstar\TURBO_OPER.cpp(1315,4): warning C4267: '正在初始化': 將 'size_t' 轉換為 'int'，資料可能遺失
D:\astar\PinAstar\TURBO_OPER.cpp(1330,24): warning C4267: '正在初始化': 將 'size_t' 轉換為 'int'，資料可能遺失
D:\astar\PinAstar\TURBO_OPER.cpp(1331,21): warning C4267: '正在初始化': 將 'size_t' 轉換為 'int'，資料可能遺失
D:\astar\PinAstar\TURBO_OPER.cpp(1332,23): warning C4267: '正在初始化': 將 'size_t' 轉換為 'int'，資料可能遺失
D:\astar\PinAstar\TURBO_OPER.cpp(1333,23): warning C4267: '正在初始化': 將 'size_t' 轉換為 'int'，資料可能遺失
D:\astar\PinAstar\TURBO_OPER.cpp(1340,9): warning C4101: 'Average_LLR': 未參考的區域變數
D:\astar\PinAstar\TURBO_OPER.cpp(1337,3): warning C4101: 'symdrone': 未參考的區域變數
D:\astar\PinAstar\TURBO_OPER.cpp(1521,24): warning C4267: '正在初始化': 將 'size_t' 轉換為 'int'，資料可能遺失
D:\astar\PinAstar\TURBO_OPER.cpp(1522,21): warning C4267: '正在初始化': 將 'size_t' 轉換為 'int'，資料可能遺失
D:\astar\PinAstar\TURBO_OPER.cpp(1523,23): warning C4267: '正在初始化': 將 'size_t' 轉換為 'int'，資料可能遺失
D:\astar\PinAstar\TURBO_OPER.cpp(1524,23): warning C4267: '正在初始化': 將 'size_t' 轉換為 'int'，資料可能遺失
D:\astar\PinAstar\TURBO_OPER.cpp(1529,3): warning C4101: 'codeword_length': 未參考的區域變數
D:\astar\PinAstar\TURBO_OPER.cpp(1531,9): warning C4101: 'Average_LLR': 未參考的區域變數
D:\astar\PinAstar\TURBO_OPER.cpp(1528,3): warning C4101: 'symdrone': 未參考的區域變數
D:\astar\PinAstar\TURBO_OPER.cpp(1877,24): warning C4267: '正在初始化': 將 'size_t' 轉換為 'int'，資料可能遺失
D:\astar\PinAstar\TURBO_OPER.cpp(1878,21): warning C4267: '正在初始化': 將 'size_t' 轉換為 'int'，資料可能遺失
D:\astar\PinAstar\TURBO_OPER.cpp(1879,23): warning C4267: '正在初始化': 將 'size_t' 轉換為 'int'，資料可能遺失
D:\astar\PinAstar\TURBO_OPER.cpp(1880,23): warning C4267: '正在初始化': 將 'size_t' 轉換為 'int'，資料可能遺失
D:\astar\PinAstar\TURBO_OPER.cpp(2256,4): warning C4267: '正在初始化': 將 'size_t' 轉換為 'int'，資料可能遺失
D:\astar\PinAstar\TURBO_OPER.cpp(2328,21): warning C4244: '正在初始化': 將 'double' 轉換為 'int'，由於類型不同，可能導致資料遺失
D:\astar\PinAstar\TURBO_OPER.cpp(2333,73): warning C4244: '引數': 將 'double' 轉換為 'const __int64'，由於類型不同，可能導致資料遺失
D:\astar\PinAstar\TURBO_OPER.cpp(2334,44): warning C4244: '引數': 將 'double' 轉換為 'const __int64'，由於類型不同，可能導致資料遺失
D:\astar\PinAstar\TURBO_OPER.cpp(2351,27): warning C4267: '正在初始化': 將 'size_t' 轉換為 'int'，資料可能遺失
D:\astar\PinAstar\TURBO_OPER.cpp(2358,27): warning C4267: '正在初始化': 將 'size_t' 轉換為 'int'，資料可能遺失
D:\astar\PinAstar\TURBO_OPER.cpp(2365,23): warning C4267: '正在初始化': 將 'size_t' 轉換為 'int'，資料可能遺失
D:\astar\PinAstar\TURBO_OPER.cpp(2372,23): warning C4267: '正在初始化': 將 'size_t' 轉換為 'int'，資料可能遺失
D:\astar\PinAstar\TURBO_OPER.cpp(2405,9): warning C4244: '正在初始化': 將 'double' 轉換為 'int'，由於類型不同，可能導致資料遺失
D:\astar\PinAstar\TURBO_OPER.cpp(2406,27): warning C4267: '正在初始化': 將 'size_t' 轉換為 'int'，資料可能遺失
D:\astar\PinAstar\TURBO_OPER.cpp(2425,9): warning C4244: '正在初始化': 將 'double' 轉換為 'int'，由於類型不同，可能導致資料遺失
D:\astar\PinAstar\TURBO_OPER.cpp(2426,27): warning C4267: '正在初始化': 將 'size_t' 轉換為 'int'，資料可能遺失
D:\astar\PinAstar\TURBO_OPER.cpp(2445,9): warning C4244: '正在初始化': 將 'double' 轉換為 'int'，由於類型不同，可能導致資料遺失
D:\astar\PinAstar\TURBO_OPER.cpp(2446,27): warning C4267: '正在初始化': 將 'size_t' 轉換為 'int'，資料可能遺失
D:\astar\PinAstar\TURBO_OPER.cpp(2465,9): warning C4244: '正在初始化': 將 'double' 轉換為 'int'，由於類型不同，可能導致資料遺失
D:\astar\PinAstar\TURBO_OPER.cpp(2466,27): warning C4267: '正在初始化': 將 'size_t' 轉換為 'int'，資料可能遺失
  AStarDecode_Adaptive.cpp
D:\astar\PinAstar\PinAstar\DefineClass.h(392,46): warning C4244: '=': 將 'size_t' 轉換為 'double'，由於類型不同，可能導致資料遺失
D:\astar\PinAstar\PinAstar\DefineClass.h(406,1): warning C4267: '正在初始化': 將 'size_t' 轉換為 'int'，資料可能遺失
D:\astar\PinAstar\PinAstar\DefineClass.h(408,1): warning C4267: '正在初始化': 將 'size_t' 轉換為 'int'，資料可能遺失
D:\astar\PinAstar\PinAstar\LDPC_OPER.h(119,134): warning C4244: '=': 將 'double' 轉換為 'int'，由於類型不同，可能導致資料遺失
D:\astar\PinAstar\PinAstar\LDPC_OPER.h(119,10): warning C4056: 在浮點常數算術中溢位
D:\astar\PinAstar\PinAstar\AStarDecode_Adaptive.cpp(68,98): warning C4267: '正在初始化': 將 'size_t' 轉換為 'int'，資料可能遺失
D:\astar\PinAstar\PinAstar\AStarDecode_Adaptive.cpp(84,95): warning C4267: '=': 將 'size_t' 轉換為 'int'，資料可能遺失
D:\astar\PinAstar\PinAstar\AStarDecode_Adaptive.cpp(98,96): warning C4267: '=': 將 'size_t' 轉換為 'int'，資料可能遺失
D:\astar\PinAstar\PinAstar\AStarDecode_Adaptive.cpp(134,53): warning C4244: '=': 將 'double' 轉換為 'size_t'，由於類型不同，可能導致資料遺失
D:\astar\PinAstar\PinAstar\AStarDecode_Adaptive.cpp(178,50): warning C4267: '引數': 將 'size_t' 轉換為 '_Ty'，資料可能遺失
          with
          [
              _Ty=short
          ]
D:\astar\PinAstar\PinAstar\AStarDecode_Adaptive.cpp(196,6): warning C4267: '正在初始化': 將 'size_t' 轉換為 'short'，資料可能遺失
D:\astar\PinAstar\PinAstar\AStarDecode_Adaptive.cpp(202,5): warning C4267: '正在初始化': 將 'size_t' 轉換為 'short'，資料可能遺失
D:\astar\PinAstar\PinAstar\AStarDecode_Adaptive.cpp(214,6): warning C4267: '正在初始化': 將 'size_t' 轉換為 'short'，資料可能遺失
D:\astar\PinAstar\PinAstar\AStarDecode_Adaptive.cpp(219,5): warning C4267: '正在初始化': 將 'size_t' 轉換為 'short'，資料可能遺失
D:\astar\PinAstar\PinAstar\AStarDecode_Adaptive.cpp(245,5): warning C4267: '正在初始化': 將 'size_t' 轉換為 'short'，資料可能遺失
D:\astar\PinAstar\PinAstar\AStarDecode_Adaptive.cpp(254,6): warning C4267: '正在初始化': 將 'size_t' 轉換為 'short'，資料可能遺失
D:\astar\PinAstar\PinAstar\AStarDecode_Adaptive.cpp(359,106): warning C4267: '=': 將 'size_t' 轉換為 'int'，資料可能遺失
D:\astar\PinAstar\PinAstar\AStarDecode_Adaptive.cpp(360,81): warning C4267: '=': 將 'size_t' 轉換為 'int'，資料可能遺失
D:\astar\PinAstar\PinAstar\AStarDecode_Adaptive.cpp(377,5): warning C4267: '正在初始化': 將 'size_t' 轉換為 'short'，資料可能遺失
D:\astar\PinAstar\PinAstar\AStarDecode_Adaptive.cpp(386,6): warning C4267: '正在初始化': 將 'size_t' 轉換為 'short'，資料可能遺失
D:\astar\PinAstar\PinAstar\AStarDecode_Adaptive.cpp(460,52): warning C4267: '引數': 將 'size_t' 轉換為 '_Ty'，資料可能遺失
          with
          [
              _Ty=short
          ]
D:\astar\PinAstar\PinAstar\AStarDecode_Adaptive.cpp(478,8): warning C4267: '正在初始化': 將 'size_t' 轉換為 'short'，資料可能遺失
D:\astar\PinAstar\PinAstar\AStarDecode_Adaptive.cpp(484,7): warning C4267: '正在初始化': 將 'size_t' 轉換為 'short'，資料可能遺失
D:\astar\PinAstar\PinAstar\AStarDecode_Adaptive.cpp(496,8): warning C4267: '正在初始化': 將 'size_t' 轉換為 'short'，資料可能遺失
D:\astar\PinAstar\PinAstar\AStarDecode_Adaptive.cpp(501,7): warning C4267: '正在初始化': 將 'size_t' 轉換為 'short'，資料可能遺失
D:\astar\PinAstar\PinAstar\AStarDecode_Adaptive.cpp(527,7): warning C4267: '正在初始化': 將 'size_t' 轉換為 'short'，資料可能遺失
D:\astar\PinAstar\PinAstar\AStarDecode_Adaptive.cpp(536,8): warning C4267: '正在初始化': 將 'size_t' 轉換為 'short'，資料可能遺失
D:\astar\PinAstar\PinAstar\AStarDecode_Adaptive.cpp(640,105): warning C4267: '=': 將 'size_t' 轉換為 'int'，資料可能遺失
D:\astar\PinAstar\PinAstar\AStarDecode_Adaptive.cpp(641,80): warning C4267: '=': 將 'size_t' 轉換為 'int'，資料可能遺失
D:\astar\PinAstar\PinAstar\AStarDecode_Adaptive.cpp(660,4): warning C4267: '正在初始化': 將 'size_t' 轉換為 'short'，資料可能遺失
D:\astar\PinAstar\PinAstar\AStarDecode_Adaptive.cpp(669,5): warning C4267: '正在初始化': 將 'size_t' 轉換為 'short'，資料可能遺失
D:\astar\PinAstar\PinAstar\AStarDecode_Adaptive.cpp(743,51): warning C4267: '引數': 將 'size_t' 轉換為 '_Ty'，資料可能遺失
          with
          [
              _Ty=short
          ]
D:\astar\PinAstar\PinAstar\AStarDecode_Adaptive.cpp(761,7): warning C4267: '正在初始化': 將 'size_t' 轉換為 'short'，資料可能遺失
D:\astar\PinAstar\PinAstar\AStarDecode_Adaptive.cpp(767,6): warning C4267: '正在初始化': 將 'size_t' 轉換為 'short'，資料可能遺失
D:\astar\PinAstar\PinAstar\AStarDecode_Adaptive.cpp(779,7): warning C4267: '正在初始化': 將 'size_t' 轉換為 'short'，資料可能遺失
D:\astar\PinAstar\PinAstar\AStarDecode_Adaptive.cpp(784,6): warning C4267: '正在初始化': 將 'size_t' 轉換為 'short'，資料可能遺失
D:\astar\PinAstar\PinAstar\AStarDecode_Adaptive.cpp(801,6): warning C4267: '正在初始化': 將 'size_t' 轉換為 'short'，資料可能遺失
D:\astar\PinAstar\PinAstar\AStarDecode_Adaptive.cpp(810,7): warning C4267: '正在初始化': 將 'size_t' 轉換為 'short'，資料可能遺失
D:\astar\PinAstar\PinAstar\AStarDecode_Adaptive.cpp(960,98): warning C4267: '正在初始化': 將 'size_t' 轉換為 'int'，資料可能遺失
D:\astar\PinAstar\PinAstar\AStarDecode_Adaptive.cpp(976,95): warning C4267: '=': 將 'size_t' 轉換為 'int'，資料可能遺失
D:\astar\PinAstar\PinAstar\AStarDecode_Adaptive.cpp(990,96): warning C4267: '=': 將 'size_t' 轉換為 'int'，資料可能遺失
D:\astar\PinAstar\PinAstar\AStarDecode_Adaptive.cpp(1025,53): warning C4244: '=': 將 'double' 轉換為 'size_t'，由於類型不同，可能導致資料遺失
D:\astar\PinAstar\PinAstar\AStarDecode_Adaptive.cpp(1072,50): warning C4267: '引數': 將 'size_t' 轉換為 '_Ty'，資料可能遺失
          with
          [
              _Ty=short
          ]
D:\astar\PinAstar\PinAstar\AStarDecode_Adaptive.cpp(1090,6): warning C4267: '正在初始化': 將 'size_t' 轉換為 'short'，資料可能遺失
D:\astar\PinAstar\PinAstar\AStarDecode_Adaptive.cpp(1096,5): warning C4267: '正在初始化': 將 'size_t' 轉換為 'short'，資料可能遺失
D:\astar\PinAstar\PinAstar\AStarDecode_Adaptive.cpp(1108,6): warning C4267: '正在初始化': 將 'size_t' 轉換為 'short'，資料可能遺失
D:\astar\PinAstar\PinAstar\AStarDecode_Adaptive.cpp(1113,5): warning C4267: '正在初始化': 將 'size_t' 轉換為 'short'，資料可能遺失
D:\astar\PinAstar\PinAstar\AStarDecode_Adaptive.cpp(1139,5): warning C4267: '正在初始化': 將 'size_t' 轉換為 'short'，資料可能遺失
D:\astar\PinAstar\PinAstar\AStarDecode_Adaptive.cpp(1148,6): warning C4267: '正在初始化': 將 'size_t' 轉換為 'short'，資料可能遺失
D:\astar\PinAstar\PinAstar\AStarDecode_Adaptive.cpp(1253,105): warning C4267: '=': 將 'size_t' 轉換為 'int'，資料可能遺失
D:\astar\PinAstar\PinAstar\AStarDecode_Adaptive.cpp(1254,80): warning C4267: '=': 將 'size_t' 轉換為 'int'，資料可能遺失
D:\astar\PinAstar\PinAstar\AStarDecode_Adaptive.cpp(1273,4): warning C4267: '正在初始化': 將 'size_t' 轉換為 'short'，資料可能遺失
D:\astar\PinAstar\PinAstar\AStarDecode_Adaptive.cpp(1282,5): warning C4267: '正在初始化': 將 'size_t' 轉換為 'short'，資料可能遺失
D:\astar\PinAstar\PinAstar\AStarDecode_Adaptive.cpp(1356,51): warning C4267: '引數': 將 'size_t' 轉換為 '_Ty'，資料可能遺失
          with
          [
              _Ty=short
          ]
D:\astar\PinAstar\PinAstar\AStarDecode_Adaptive.cpp(1374,7): warning C4267: '正在初始化': 將 'size_t' 轉換為 'short'，資料可能遺失
D:\astar\PinAstar\PinAstar\AStarDecode_Adaptive.cpp(1380,6): warning C4267: '正在初始化': 將 'size_t' 轉換為 'short'，資料可能遺失
D:\astar\PinAstar\PinAstar\AStarDecode_Adaptive.cpp(1392,7): warning C4267: '正在初始化': 將 'size_t' 轉換為 'short'，資料可能遺失
D:\astar\PinAstar\PinAstar\AStarDecode_Adaptive.cpp(1397,6): warning C4267: '正在初始化': 將 'size_t' 轉換為 'short'，資料可能遺失
D:\astar\PinAstar\PinAstar\AStarDecode_Adaptive.cpp(1414,6): warning C4267: '正在初始化': 將 'size_t' 轉換為 'short'，資料可能遺失
D:\astar\PinAstar\PinAstar\AStarDecode_Adaptive.cpp(1423,7): warning C4267: '正在初始化': 將 'size_t' 轉換為 'short'，資料可能遺失
  AStarDecode_DM_III.cpp
D:\astar\PinAstar\PinAstar\DefineClass.h(392,46): warning C4244: '=': 將 'size_t' 轉換為 'double'，由於類型不同，可能導致資料遺失
D:\astar\PinAstar\PinAstar\DefineClass.h(406,1): warning C4267: '正在初始化': 將 'size_t' 轉換為 'int'，資料可能遺失
D:\astar\PinAstar\PinAstar\DefineClass.h(408,1): warning C4267: '正在初始化': 將 'size_t' 轉換為 'int'，資料可能遺失
D:\astar\PinAstar\PinAstar\LDPC_OPER.h(119,134): warning C4244: '=': 將 'double' 轉換為 'int'，由於類型不同，可能導致資料遺失
D:\astar\PinAstar\PinAstar\LDPC_OPER.h(119,10): warning C4056: 在浮點常數算術中溢位
D:\astar\PinAstar\PinAstar\AStarDecode_DM_III.cpp(195,50): warning C4267: '引數': 將 'size_t' 轉換為 '_Ty'，資料可能遺失
          with
          [
              _Ty=short
          ]
D:\astar\PinAstar\PinAstar\AStarDecode_DM_III.cpp(210,6): warning C4267: '正在初始化': 將 'size_t' 轉換為 'short'，資料可能遺失
D:\astar\PinAstar\PinAstar\AStarDecode_DM_III.cpp(216,5): warning C4267: '正在初始化': 將 'size_t' 轉換為 'short'，資料可能遺失
D:\astar\PinAstar\PinAstar\AStarDecode_DM_III.cpp(227,6): warning C4267: '正在初始化': 將 'size_t' 轉換為 'short'，資料可能遺失
D:\astar\PinAstar\PinAstar\AStarDecode_DM_III.cpp(232,5): warning C4267: '正在初始化': 將 'size_t' 轉換為 'short'，資料可能遺失
D:\astar\PinAstar\PinAstar\AStarDecode_DM_III.cpp(253,5): warning C4267: '正在初始化': 將 'size_t' 轉換為 'short'，資料可能遺失
D:\astar\PinAstar\PinAstar\AStarDecode_DM_III.cpp(262,6): warning C4267: '正在初始化': 將 'size_t' 轉換為 'short'，資料可能遺失
D:\astar\PinAstar\PinAstar\AStarDecode_DM_III.cpp(437,53): warning C4244: '=': 將 'double' 轉換為 'size_t'，由於類型不同，可能導致資料遺失
  AStarDecode_RSS_II.cpp
D:\astar\PinAstar\PinAstar\DefineClass.h(392,46): warning C4244: '=': 將 'size_t' 轉換為 'double'，由於類型不同，可能導致資料遺失
D:\astar\PinAstar\PinAstar\DefineClass.h(406,1): warning C4267: '正在初始化': 將 'size_t' 轉換為 'int'，資料可能遺失
D:\astar\PinAstar\PinAstar\DefineClass.h(408,1): warning C4267: '正在初始化': 將 'size_t' 轉換為 'int'，資料可能遺失
D:\astar\PinAstar\PinAstar\LDPC_OPER.h(119,134): warning C4244: '=': 將 'double' 轉換為 'int'，由於類型不同，可能導致資料遺失
D:\astar\PinAstar\PinAstar\LDPC_OPER.h(119,10): warning C4056: 在浮點常數算術中溢位
D:\astar\PinAstar\PinAstar\AStarDecode_RSS_II.cpp(9,23): warning C4244: '正在初始化': 將 'double' 轉換為 'size_t'，由於類型不同，可能導致資料遺失
D:\astar\PinAstar\PinAstar\AStarDecode_RSS_II.cpp(227,50): warning C4267: '引數': 將 'size_t' 轉換為 '_Ty'，資料可能遺失
          with
          [
              _Ty=short
          ]
D:\astar\PinAstar\PinAstar\AStarDecode_RSS_II.cpp(243,6): warning C4267: '正在初始化': 將 'size_t' 轉換為 'short'，資料可能遺失
D:\astar\PinAstar\PinAstar\AStarDecode_RSS_II.cpp(249,5): warning C4267: '正在初始化': 將 'size_t' 轉換為 'short'，資料可能遺失
D:\astar\PinAstar\PinAstar\AStarDecode_RSS_II.cpp(261,6): warning C4267: '正在初始化': 將 'size_t' 轉換為 'short'，資料可能遺失
D:\astar\PinAstar\PinAstar\AStarDecode_RSS_II.cpp(266,5): warning C4267: '正在初始化': 將 'size_t' 轉換為 'short'，資料可能遺失
D:\astar\PinAstar\PinAstar\AStarDecode_RSS_II.cpp(294,5): warning C4267: '正在初始化': 將 'size_t' 轉換為 'short'，資料可能遺失
D:\astar\PinAstar\PinAstar\AStarDecode_RSS_II.cpp(303,6): warning C4267: '正在初始化': 將 'size_t' 轉換為 'short'，資料可能遺失
D:\astar\PinAstar\PinAstar\AStarDecode_RSS_II.cpp(507,53): warning C4244: '=': 將 'double' 轉換為 'size_t'，由於類型不同，可能導致資料遺失
  AStarDecode_RSS_OSC_II.cpp
D:\astar\PinAstar\PinAstar\DefineClass.h(392,46): warning C4244: '=': 將 'size_t' 轉換為 'double'，由於類型不同，可能導致資料遺失
D:\astar\PinAstar\PinAstar\DefineClass.h(406,1): warning C4267: '正在初始化': 將 'size_t' 轉換為 'int'，資料可能遺失
D:\astar\PinAstar\PinAstar\DefineClass.h(408,1): warning C4267: '正在初始化': 將 'size_t' 轉換為 'int'，資料可能遺失
D:\astar\PinAstar\PinAstar\LDPC_OPER.h(119,134): warning C4244: '=': 將 'double' 轉換為 'int'，由於類型不同，可能導致資料遺失
D:\astar\PinAstar\PinAstar\LDPC_OPER.h(119,10): warning C4056: 在浮點常數算術中溢位
D:\astar\PinAstar\PinAstar\AStarDecode_RSS_OSC_II.cpp(326,50): warning C4267: '引數': 將 'size_t' 轉換為 '_Ty'，資料可能遺失
          with
          [
              _Ty=short
          ]
D:\astar\PinAstar\PinAstar\AStarDecode_RSS_OSC_II.cpp(342,6): warning C4267: '正在初始化': 將 'size_t' 轉換為 'short'，資料可能遺失
D:\astar\PinAstar\PinAstar\AStarDecode_RSS_OSC_II.cpp(348,5): warning C4267: '正在初始化': 將 'size_t' 轉換為 'short'，資料可能遺失
D:\astar\PinAstar\PinAstar\AStarDecode_RSS_OSC_II.cpp(360,6): warning C4267: '正在初始化': 將 'size_t' 轉換為 'short'，資料可能遺失
D:\astar\PinAstar\PinAstar\AStarDecode_RSS_OSC_II.cpp(365,5): warning C4267: '正在初始化': 將 'size_t' 轉換為 'short'，資料可能遺失
D:\astar\PinAstar\PinAstar\AStarDecode_RSS_OSC_II.cpp(392,5): warning C4267: '正在初始化': 將 'size_t' 轉換為 'short'，資料可能遺失
D:\astar\PinAstar\PinAstar\AStarDecode_RSS_OSC_II.cpp(401,6): warning C4267: '正在初始化': 將 'size_t' 轉換為 'short'，資料可能遺失
D:\astar\PinAstar\PinAstar\AStarDecode_RSS_OSC_II.cpp(584,53): warning C4244: '=': 將 'double' 轉換為 'size_t'，由於類型不同，可能導致資料遺失
D:\astar\PinAstar\PinAstar\AStarDecode_RSS_OSC_II.cpp(281,7): warning C4101: 'Update_Flag': 未參考的區域變數
D:\astar\PinAstar\PinAstar\AStarDecode_RSS_OSC_II.cpp(644,50): warning C4267: '引數': 將 'size_t' 轉換為 '_Ty'，資料可能遺失
          with
          [
              _Ty=short
          ]
D:\astar\PinAstar\PinAstar\AStarDecode_RSS_OSC_II.cpp(647,50): warning C4267: '引數': 將 'size_t' 轉換為 '_Ty'，資料可能遺失
          with
          [
              _Ty=short
          ]
D:\astar\PinAstar\PinAstar\AStarDecode_RSS_OSC_II.cpp(664,6): warning C4267: '正在初始化': 將 'size_t' 轉換為 'short'，資料可能遺失
D:\astar\PinAstar\PinAstar\AStarDecode_RSS_OSC_II.cpp(671,5): warning C4267: '正在初始化': 將 'size_t' 轉換為 'short'，資料可能遺失
D:\astar\PinAstar\PinAstar\AStarDecode_RSS_OSC_II.cpp(683,6): warning C4267: '正在初始化': 將 'size_t' 轉換為 'short'，資料可能遺失
D:\astar\PinAstar\PinAstar\AStarDecode_RSS_OSC_II.cpp(697,40): warning C4267: '引數': 將 'size_t' 轉換為 '_Ty'，資料可能遺失
          with
          [
              _Ty=short
          ]
D:\astar\PinAstar\PinAstar\AStarDecode_RSS_OSC_II.cpp(706,28): warning C4267: '=': 將 'size_t' 轉換為 'int'，資料可能遺失
D:\astar\PinAstar\PinAstar\AStarDecode_RSS_OSC_II.cpp(707,23): warning C4244: '=': 將 'double' 轉換為 'int'，由於類型不同，可能導致資料遺失
D:\astar\PinAstar\PinAstar\AStarDecode_RSS_OSC_II.cpp(769,40): warning C4267: '引數': 將 'size_t' 轉換為 '_Ty'，資料可能遺失
          with
          [
              _Ty=short
          ]
D:\astar\PinAstar\PinAstar\AStarDecode_RSS_OSC_II.cpp(778,28): warning C4267: '=': 將 'size_t' 轉換為 'int'，資料可能遺失
D:\astar\PinAstar\PinAstar\AStarDecode_RSS_OSC_II.cpp(779,23): warning C4244: '=': 將 'double' 轉換為 'int'，由於類型不同，可能導致資料遺失
  正在編譯...
  AstarDecode_segments.cpp
D:\astar\PinAstar\PinAstar\DefineClass.h(392,46): warning C4244: '=': 將 'size_t' 轉換為 'double'，由於類型不同，可能導致資料遺失
D:\astar\PinAstar\PinAstar\DefineClass.h(406,1): warning C4267: '正在初始化': 將 'size_t' 轉換為 'int'，資料可能遺失
D:\astar\PinAstar\PinAstar\DefineClass.h(408,1): warning C4267: '正在初始化': 將 'size_t' 轉換為 'int'，資料可能遺失
D:\astar\PinAstar\PinAstar\LDPC_OPER.h(119,134): warning C4244: '=': 將 'double' 轉換為 'int'，由於類型不同，可能導致資料遺失
D:\astar\PinAstar\PinAstar\LDPC_OPER.h(119,10): warning C4056: 在浮點常數算術中溢位
D:\astar\PinAstar\PinAstar\AstarDecode_segments.cpp(211,3): warning C4267: '正在初始化': 將 'size_t' 轉換為 'int'，資料可能遺失
D:\astar\PinAstar\PinAstar\AstarDecode_segments.cpp(246,31): warning C4267: '正在初始化': 將 'size_t' 轉換為 'int'，資料可能遺失
D:\astar\PinAstar\PinAstar\AstarDecode_segments.cpp(247,26): warning C4267: '正在初始化': 將 'size_t' 轉換為 'int'，資料可能遺失
  Test.cpp
  正在產生程式碼
  Previous IPDB not found, fall back to full compilation.
D:\astar\PinAstar\PinAstar\AStarDecode_RSS_II.cpp(67): warning C4723: 可能除以 0
  All 1780 functions were compiled because no usable IPDB/IOBJ from previous compilation was found.
  已完成程式碼產生
  PinAstar.vcxproj -> D:\astar\PinAstar\x64\Release\PinAstar.exe
