d:\astar\pinastar\pinastar\x64\debug\vc142.pdb
d:\astar\pinastar\pinastar\x64\debug\vc142.idb
d:\astar\pinastar\pinastar\x64\debug\astardecode_rss_osc_ii.obj
d:\astar\pinastar\pinastar\x64\debug\astardecode_rss_ii.obj
d:\astar\pinastar\pinastar\x64\debug\astardecode_dm_iii.obj
d:\astar\pinastar\pinastar\x64\debug\astardecode_adaptive.obj
d:\astar\pinastar\pinastar\x64\debug\turbo_oper.obj
d:\astar\pinastar\pinastar\x64\debug\source.obj
d:\astar\pinastar\pinastar\x64\debug\polar_oper.obj
d:\astar\pinastar\pinastar\x64\debug\matrixoperation.obj
d:\astar\pinastar\pinastar\x64\debug\linearblockcodes.obj
d:\astar\pinastar\pinastar\x64\debug\ldpc_oper.obj
d:\astar\pinastar\pinastar\x64\debug\fileoperation.obj
d:\astar\pinastar\pinastar\x64\debug\defineclass.obj
d:\astar\pinastar\pinastar\x64\debug\awgn.obj
d:\astar\pinastar\pinastar\x64\debug\astardecode_rss_osc.obj
d:\astar\pinastar\pinastar\x64\debug\astardecode_rss.obj
d:\astar\pinastar\pinastar\x64\debug\astardecode_reducecom.obj
d:\astar\pinastar\pinastar\x64\debug\astardecode_dm_ii.obj
d:\astar\pinastar\pinastar\x64\debug\astardecode_dm_i.obj
d:\astar\pinastar\pinastar\x64\debug\astardecode_cbc.obj
d:\astar\pinastar\pinastar\x64\debug\astardecode.obj
d:\astar\pinastar\pinastar\x64\debug\test.obj
d:\astar\pinastar\pinastar\x64\debug\astardecode_segments.obj
d:\astar\pinastar\pinastar\x64\debug\pinastar.ilk
d:\astar\pinastar\x64\debug\pinastar.exe
d:\astar\pinastar\x64\debug\pinastar.pdb
d:\astar\pinastar\pinastar\x64\debug\pinastar.tlog\cl.command.1.tlog
d:\astar\pinastar\pinastar\x64\debug\pinastar.tlog\cl.read.1.tlog
d:\astar\pinastar\pinastar\x64\debug\pinastar.tlog\cl.write.1.tlog
d:\astar\pinastar\pinastar\x64\debug\pinastar.tlog\link.command.1.tlog
d:\astar\pinastar\pinastar\x64\debug\pinastar.tlog\link.read.1.tlog
d:\astar\pinastar\pinastar\x64\debug\pinastar.tlog\link.write.1.tlog
