  Source.cpp
D:\astar\PinAstar\PinAstar\DefineClass.h(392,46): warning C4244: '=': 將 'size_t' 轉換為 'double'，由於類型不同，可能導致資料遺失
D:\astar\PinAstar\PinAstar\DefineClass.h(406,1): warning C4267: '正在初始化': 將 'size_t' 轉換為 'int'，資料可能遺失
D:\astar\PinAstar\PinAstar\DefineClass.h(408,1): warning C4267: '正在初始化': 將 'size_t' 轉換為 'int'，資料可能遺失
D:\astar\PinAstar\PinAstar\LDPC_OPER.h(119,134): warning C4244: '=': 將 'double' 轉換為 'int'，由於類型不同，可能導致資料遺失
D:\astar\PinAstar\PinAstar\LDPC_OPER.h(119,10): warning C4056: 在浮點常數算術中溢位
D:\astar\PinAstar\Source.cpp(121,1): warning C4326: 'main' 的傳回類型應該是 'int'，而非 'void'
D:\astar\PinAstar\Source.cpp(138,16): warning C4244: '正在初始化': 將 '_Rep' 轉換為 'unsigned int'，由於類型不同，可能導致資料遺失
          with
          [
              _Rep=std::chrono::system_clock::rep
          ]
D:\astar\PinAstar\Source.cpp(544,58): warning C4267: '=': 將 'size_t' 轉換為 'int'，資料可能遺失
D:\astar\PinAstar\Source.cpp(556,75): warning C4267: '=': 將 'size_t' 轉換為 'int'，資料可能遺失
D:\astar\PinAstar\Source.cpp(574,124): warning C4267: '引數': 將 'size_t' 轉換為 'int'，資料可能遺失
D:\astar\PinAstar\Source.cpp(756,103): warning C4267: '正在初始化': 將 'size_t' 轉換為 'int'，資料可能遺失
D:\astar\PinAstar\Source.cpp(758,133): warning C4267: '正在初始化': 將 'size_t' 轉換為 'int'，資料可能遺失
D:\astar\PinAstar\Source.cpp(860,97): warning C4267: '正在初始化': 將 'size_t' 轉換為 'int'，資料可能遺失
D:\astar\PinAstar\Source.cpp(1231,107): warning C4267: '正在初始化': 將 'size_t' 轉換為 'int'，資料可能遺失
D:\astar\PinAstar\Source.cpp(1509,46): warning C4244: '引數': 將 'size_t' 轉換為 'double'，由於類型不同，可能導致資料遺失
D:\astar\PinAstar\Source.cpp(1510,46): warning C4244: '引數': 將 'size_t' 轉換為 'double'，由於類型不同，可能導致資料遺失
D:\astar\PinAstar\Source.cpp(1610,75): warning C4267: '=': 將 'size_t' 轉換為 'int'，資料可能遺失
D:\astar\PinAstar\Source.cpp(2047,46): warning C4244: '引數': 將 'size_t' 轉換為 'double'，由於類型不同，可能導致資料遺失
D:\astar\PinAstar\Source.cpp(2049,46): warning C4244: '引數': 將 'size_t' 轉換為 'double'，由於類型不同，可能導致資料遺失
D:\astar\PinAstar\Source.cpp(2135,42): warning C4244: '引數': 將 'size_t' 轉換為 'double'，由於類型不同，可能導致資料遺失
D:\astar\PinAstar\Source.cpp(2137,42): warning C4244: '引數': 將 'size_t' 轉換為 'double'，由於類型不同，可能導致資料遺失
D:\astar\PinAstar\Source.cpp(867,11): warning C4101: 'Bit': 未參考的區域變數
  PinAstar.vcxproj -> D:\astar\PinAstar\x64\Debug\PinAstar.exe
