  LinearBlockCodes.cpp
d:\astar\pinastar\pinastar\defineclass.h(426): warning C4018: '<': signed/unsigned 不相符
d:\astar\pinastar\pinastar\ldpc_oper.h(119): warning C4244: '=': 將 'double' 轉換為 'int'，由於類型不同，可能導致資料遺失
d:\astar\pinastar\pinastar\ldpc_oper.h(119): warning C4056: 在浮點常數算術中溢位
d:\astar\pinastar\linearblockcodes.cpp(523): warning C4244: '正在初始化': 將 '_Rep' 轉換為 'unsigned int'，由於類型不同，可能導致資料遺失
          with
          [
              _Rep=std::chrono::system_clock::rep
          ]
d:\astar\pinastar\linearblockcodes.cpp(530): warning C4018: '<': signed/unsigned 不相符
d:\astar\pinastar\linearblockcodes.cpp(604): warning C4244: '正在初始化': 將 '_Rep' 轉換為 'unsigned int'，由於類型不同，可能導致資料遺失
          with
          [
              _Rep=std::chrono::system_clock::rep
          ]
d:\astar\pinastar\linearblockcodes.cpp(613): warning C4018: '<': signed/unsigned 不相符
d:\astar\pinastar\linearblockcodes.cpp(620): warning C4018: '<': signed/unsigned 不相符
d:\astar\pinastar\linearblockcodes.cpp(666): warning C4018: '<': signed/unsigned 不相符
d:\astar\pinastar\linearblockcodes.cpp(796): warning C4018: '<': signed/unsigned 不相符
d:\astar\pinastar\linearblockcodes.cpp(797): warning C4018: '<': signed/unsigned 不相符
d:\astar\pinastar\linearblockcodes.cpp(816): warning C4018: '<': signed/unsigned 不相符
d:\astar\pinastar\linearblockcodes.cpp(817): warning C4018: '<': signed/unsigned 不相符
d:\astar\pinastar\linearblockcodes.cpp(837): warning C4018: '<': signed/unsigned 不相符
d:\astar\pinastar\linearblockcodes.cpp(869): warning C4267: '引數': 將 'size_t' 轉換為 'char'，資料可能遺失
d:\astar\pinastar\linearblockcodes.cpp(1031): warning C4018: '<': signed/unsigned 不相符
d:\astar\pinastar\linearblockcodes.cpp(1032): warning C4018: '<': signed/unsigned 不相符
d:\astar\pinastar\linearblockcodes.cpp(1104): warning C4267: '正在初始化': 將 'size_t' 轉換為 'char'，資料可能遺失
d:\astar\pinastar\linearblockcodes.cpp(1106): warning C4267: '正在初始化': 將 'size_t' 轉換為 'char'，資料可能遺失
d:\astar\pinastar\linearblockcodes.cpp(1121): warning C4018: '<': signed/unsigned 不相符
d:\astar\pinastar\linearblockcodes.cpp(1154): warning C4267: '=': 將 'size_t' 轉換為 '_Ty'，資料可能遺失
          with
          [
              _Ty=char
          ]
d:\astar\pinastar\linearblockcodes.cpp(1427): warning C4267: '正在初始化': 將 'size_t' 轉換為 'char'，資料可能遺失
d:\astar\pinastar\linearblockcodes.cpp(1437): warning C4018: '<': signed/unsigned 不相符
d:\astar\pinastar\linearblockcodes.cpp(1508): warning C4244: '正在初始化': 將 'double' 轉換為 'int'，由於類型不同，可能導致資料遺失
d:\astar\pinastar\linearblockcodes.cpp(1519): warning C4244: '正在初始化': 將 'double' 轉換為 'int'，由於類型不同，可能導致資料遺失
d:\astar\pinastar\linearblockcodes.cpp(1524): warning C4244: '正在初始化': 將 'double' 轉換為 'int'，由於類型不同，可能導致資料遺失
d:\astar\pinastar\linearblockcodes.cpp(1626): warning C4018: '<': signed/unsigned 不相符
d:\astar\pinastar\linearblockcodes.cpp(1633): warning C4018: '<': signed/unsigned 不相符
d:\astar\pinastar\linearblockcodes.cpp(1650): warning C4018: '<': signed/unsigned 不相符
d:\astar\pinastar\linearblockcodes.cpp(1725): warning C4018: '<': signed/unsigned 不相符
d:\astar\pinastar\linearblockcodes.cpp(1733): warning C4018: '<': signed/unsigned 不相符
d:\astar\pinastar\linearblockcodes.cpp(1741): warning C4244: '=': 將 'double' 轉換為 'int'，由於類型不同，可能導致資料遺失
d:\astar\pinastar\linearblockcodes.cpp(1760): warning C4018: '<': signed/unsigned 不相符
d:\astar\pinastar\linearblockcodes.cpp(1761): warning C4244: '=': 將 'double' 轉換為 '_Ty'，由於類型不同，可能導致資料遺失
          with
          [
              _Ty=char
          ]
d:\astar\pinastar\linearblockcodes.cpp(1801): warning C4244: '正在初始化': 將 'double' 轉換為 'int'，由於類型不同，可能導致資料遺失
d:\astar\pinastar\linearblockcodes.cpp(1808): warning C4018: '<': signed/unsigned 不相符
d:\astar\pinastar\linearblockcodes.cpp(1819): warning C4244: '=': 將 'double' 轉換為 'int'，由於類型不同，可能導致資料遺失
d:\astar\pinastar\linearblockcodes.cpp(1820): warning C4244: '=': 將 'double' 轉換為 'int'，由於類型不同，可能導致資料遺失
d:\astar\pinastar\linearblockcodes.cpp(1842): warning C4018: '<': signed/unsigned 不相符
d:\astar\pinastar\linearblockcodes.cpp(1843): warning C4244: '=': 將 'double' 轉換為 '_Ty'，由於類型不同，可能導致資料遺失
          with
          [
              _Ty=char
          ]
d:\astar\pinastar\linearblockcodes.cpp(1867): warning C4244: '正在初始化': 將 'double' 轉換為 'int'，由於類型不同，可能導致資料遺失
d:\astar\pinastar\linearblockcodes.cpp(1874): warning C4018: '<': signed/unsigned 不相符
d:\astar\pinastar\linearblockcodes.cpp(1885): warning C4244: '=': 將 'double' 轉換為 'int'，由於類型不同，可能導致資料遺失
d:\astar\pinastar\linearblockcodes.cpp(1886): warning C4244: '=': 將 'double' 轉換為 'int'，由於類型不同，可能導致資料遺失
d:\astar\pinastar\linearblockcodes.cpp(1887): warning C4244: '=': 將 'double' 轉換為 'int'，由於類型不同，可能導致資料遺失
d:\astar\pinastar\linearblockcodes.cpp(1911): warning C4018: '<': signed/unsigned 不相符
d:\astar\pinastar\linearblockcodes.cpp(1912): warning C4244: '=': 將 'double' 轉換為 '_Ty'，由於類型不同，可能導致資料遺失
          with
          [
              _Ty=char
          ]
d:\astar\pinastar\linearblockcodes.cpp(1928): warning C4244: '正在初始化': 將 'double' 轉換為 'int'，由於類型不同，可能導致資料遺失
d:\astar\pinastar\linearblockcodes.cpp(1935): warning C4018: '<': signed/unsigned 不相符
d:\astar\pinastar\linearblockcodes.cpp(1958): warning C4018: '<': signed/unsigned 不相符
  PinAstar.vcxproj -> D:\astar\PinAstar\Debug\PinAstar.exe
